========================================
Camera/Webcam Reconnaissance for Samsung Galaxy Book5 Pro
Date: Fri Jan 16 04:31:25 PM IST 2026
Kernel: 6.14.0-37-generic
========================================

[2026-01-16 16:31:49] === 1. HARDWARE DETECTION ===

--- lspci (IPU/Camera devices) ---
No IPU/camera devices found in lspci grep

00:05.0 Multimedia controller [0480]: Intel Corporation Device [8086:645d] (rev 04)
	DeviceName: Onboard - Sound
	Subsystem: Samsung Electronics Co Ltd Device [144d:ca08]
	Control: I/O- Mem- BusMaster- SpecCycle- MemWINV- VGASnoop- ParErr- Stepping- SERR- FastB2B- DisINTx-
	Status: Cap+ 66MHz- UDF- FastB2B- ParErr- DEVSEL=fast >TAbort- <TAbort- <MAbort- >SERR- <PERR- INTx-
	IOMMU group: 1
	Region 0: Memory at 3014000000 (64-bit, non-prefetchable) [disabled] [size=32M]
	Region 4: Memory at 3016336000 (64-bit, non-prefetchable) [disabled] [size=4K]
	Capabilities: <access denied>

00:07.0 PCI bridge [0604]: Intel Corporation Lunar Lake-M Thunderbolt 4 PCI Express Root Port #0 [8086:a84e] (rev 10) (prog-if 00 [Normal decode])

--- Full lspci output (searching for Intel devices) ---
00:00.0 Host bridge [0600]: Intel Corporation Device [8086:6400] (rev 04)
00:02.0 VGA compatible controller [0300]: Intel Corporation Lunar Lake [Intel Arc Graphics 130V / 140V] [8086:64a0] (rev 04) (prog-if 00 [VGA controller])
00:04.0 Signal processing controller [1180]: Intel Corporation Device [8086:641d] (rev 04)
00:05.0 Multimedia controller [0480]: Intel Corporation Device [8086:645d] (rev 04)
00:07.0 PCI bridge [0604]: Intel Corporation Lunar Lake-M Thunderbolt 4 PCI Express Root Port #0 [8086:a84e] (rev 10) (prog-if 00 [Normal decode])
00:07.1 PCI bridge [0604]: Intel Corporation Lunar Lake-M Thunderbolt 4 PCI Express Root Port #1 [8086:a84f] (rev 10) (prog-if 00 [Normal decode])
00:0a.0 Signal processing controller [1180]: Intel Corporation Device [8086:647d] (rev 04)
00:0b.0 Processing accelerators [1200]: Intel Corporation Lunar Lake NPU [8086:643e] (rev 04)
00:0d.0 USB controller [0c03]: Intel Corporation Lunar Lake-M Thunderbolt 4 USB Controller [8086:a831] (rev 10) (prog-if 30 [XHCI])
00:0d.2 USB controller [0c03]: Intel Corporation Lunar Lake-M Thunderbolt 4 NHI #0 [8086:a833] (rev 10) (prog-if 40 [USB4 Host Interface])
00:12.0 Serial controller [0700]: Intel Corporation Lunar Lake-M Integrated Sensor Hub [8086:a845] (rev 10) (prog-if 00 [8250])
00:13.0 Communication controller [0780]: Intel Corporation Device [8086:a862] (rev 10)
00:14.0 USB controller [0c03]: Intel Corporation Lunar Lake-M USB 3.2 Gen 2x1 xHCI Host Controller [8086:a87d] (rev 10) (prog-if 30 [XHCI])
00:14.2 RAM memory [0500]: Intel Corporation Device [8086:a87f] (rev 10)
00:14.3 Network controller [0280]: Intel Corporation BE201 320MHz [8086:a840] (rev 10)
	Subsystem: Intel Corporation Device [8086:00e4]
00:15.0 Serial bus controller [0c80]: Intel Corporation Lunar Lake-M Serial IO I2C Controller #0 [8086:a878] (rev 10)
00:15.1 Serial bus controller [0c80]: Intel Corporation Lunar Lake-M Serial IO I2C Controller #1 [8086:a879] (rev 10)
00:15.2 Serial bus controller [0c80]: Intel Corporation Lunar Lake-M Serial IO I2C Controller #2 [8086:a87a] (rev 10)
00:15.3 Serial bus controller [0c80]: Intel Corporation Lunar Lake-M Serial IO I2C Controller #3 [8086:a87b] (rev 10)
(eval):1: command not found: }

--- /sys/class/video4linux/ devices ---
ls: cannot access '/sys/class/video4linux/': No such file or directory
No video4linux devices found
(eval):1: command not found: }

--- lsusb (USB camera devices) ---
unable to initialize usb specBus 001 Device 001: ID 1d6b:0002 Linux 6.14.0-37-generic xhci-hcd xHCI Host Controller
Bus 002 Device 001: ID 1d6b:0003 Linux 6.14.0-37-generic xhci-hcd xHCI Host Controller
Bus 003 Device 001: ID 1d6b:0002 Linux 6.14.0-37-generic xhci-hcd xHCI Host Controller
Bus 003 Device 002: ID 046d:c548 Logitech USB Receiver
Bus 003 Device 003: ID 1c7a:05a5 EGIS ETU906Axx-E
Bus 003 Device 004: ID 8087:0037  
Bus 004 Device 001: ID 1d6b:0003 Linux 6.14.0-37-generic xhci-hcd xHCI Host Controller

--- /sys/class/video4linux/ devices ---
ls: cannot access '/sys/class/video4linux/': No such file or directory
No video4linux devices found

--- dmesg camera/IPU related (last 100 lines) ---

[2026-01-16 16:33:22] === 2. KERNEL/DRIVER STATUS ===

--- Loaded camera-related modules ---
mei_gsc_proxy          16384  0
mei_me                 57344  1
mei                   176128  3 mei_gsc_proxy,mei_me
intel_skl_int3472_tps68470    20480  0
intel_skl_int3472_discrete    24576  0
intel_skl_int3472_common    16384  2 intel_skl_int3472_tps68470,intel_skl_int3472_discrete
video                  77824  1 xe
wmi                    28672  2 video,wmi_bmof

--- Available camera modules in /lib/modules ---
/lib/modules/6.14.0-37-generic/kernel/drivers/platform/x86/intel/int3472/intel_skl_int3472_common.ko.zst
/lib/modules/6.14.0-37-generic/kernel/drivers/platform/x86/intel/int3472/intel_skl_int3472_discrete.ko.zst
/lib/modules/6.14.0-37-generic/kernel/drivers/platform/x86/intel/int3472/intel_skl_int3472_tps68470.ko.zst
/lib/modules/6.14.0-37-generic/kernel/drivers/platform/x86/lenovo-wmi-camera.ko.zst
/lib/modules/6.14.0-37-generic/kernel/drivers/staging/media/ipu3/ipu3-imgu.ko.zst
/lib/modules/6.14.0-37-generic/kernel/drivers/leds/trigger/ledtrig-camera.ko.zst
/lib/modules/6.14.0-37-generic/kernel/drivers/media/usb/gspca/gspca_ov519.ko.zst
/lib/modules/6.14.0-37-generic/kernel/drivers/media/usb/gspca/gspca_ov534.ko.zst
/lib/modules/6.14.0-37-generic/kernel/drivers/media/usb/gspca/gspca_ov534_9.ko.zst
/lib/modules/6.14.0-37-generic/kernel/drivers/media/pci/intel/ipu-bridge.ko.zst
/lib/modules/6.14.0-37-generic/kernel/drivers/media/pci/intel/ivsc/ivsc-csi.ko.zst
/lib/modules/6.14.0-37-generic/kernel/drivers/media/pci/intel/ivsc/ivsc-ace.ko.zst
/lib/modules/6.14.0-37-generic/kernel/drivers/media/pci/intel/ipu6/intel-ipu6-isys.ko.zst
/lib/modules/6.14.0-37-generic/kernel/drivers/media/pci/intel/ipu6/intel-ipu6.ko.zst
/lib/modules/6.14.0-37-generic/kernel/drivers/media/pci/intel/ipu3/ipu3-cio2.ko.zst
/lib/modules/6.14.0-37-generic/kernel/drivers/media/platform/via/via-camera.ko.zst
/lib/modules/6.14.0-37-generic/kernel/drivers/media/i2c/ov7251.ko.zst
/lib/modules/6.14.0-37-generic/kernel/drivers/media/i2c/ov5670.ko.zst
/lib/modules/6.14.0-37-generic/kernel/drivers/media/i2c/ov01a10.ko.zst
/lib/modules/6.14.0-37-generic/kernel/drivers/media/i2c/ov5695.ko.zst
/lib/modules/6.14.0-37-generic/kernel/drivers/media/i2c/ov13858.ko.zst
/lib/modules/6.14.0-37-generic/kernel/drivers/media/i2c/ov2685.ko.zst
/lib/modules/6.14.0-37-generic/kernel/drivers/media/i2c/ov2740.ko.zst
/lib/modules/6.14.0-37-generic/kernel/drivers/media/i2c/ov02a10.ko.zst
/lib/modules/6.14.0-37-generic/kernel/drivers/media/i2c/ov9640.ko.zst
/lib/modules/6.14.0-37-generic/kernel/drivers/media/i2c/ov772x.ko.zst
/lib/modules/6.14.0-37-generic/kernel/drivers/media/i2c/ov08x40.ko.zst
/lib/modules/6.14.0-37-generic/kernel/drivers/media/i2c/imx319.ko.zst
/lib/modules/6.14.0-37-generic/kernel/drivers/media/i2c/imx290.ko.zst
/lib/modules/6.14.0-37-generic/kernel/drivers/media/i2c/imx208.ko.zst
/lib/modules/6.14.0-37-generic/kernel/drivers/media/i2c/imx283.ko.zst
/lib/modules/6.14.0-37-generic/kernel/drivers/media/i2c/ov7670.ko.zst
/lib/modules/6.14.0-37-generic/kernel/drivers/media/i2c/imx274.ko.zst
/lib/modules/6.14.0-37-generic/kernel/drivers/media/i2c/ov9650.ko.zst
/lib/modules/6.14.0-37-generic/kernel/drivers/media/i2c/ov8865.ko.zst
/lib/modules/6.14.0-37-generic/kernel/drivers/media/i2c/imx355.ko.zst
/lib/modules/6.14.0-37-generic/kernel/drivers/media/i2c/ov2659.ko.zst
/lib/modules/6.14.0-37-generic/kernel/drivers/media/i2c/imx214.ko.zst
/lib/modules/6.14.0-37-generic/kernel/drivers/media/i2c/ov5648.ko.zst
/lib/modules/6.14.0-37-generic/kernel/drivers/media/i2c/ov9734.ko.zst
/lib/modules/6.14.0-37-generic/kernel/drivers/media/i2c/ov5647.ko.zst
/lib/modules/6.14.0-37-generic/kernel/drivers/media/i2c/imx296.ko.zst
/lib/modules/6.14.0-37-generic/kernel/drivers/media/i2c/ov6650.ko.zst
/lib/modules/6.14.0-37-generic/kernel/drivers/media/i2c/imx258.ko.zst
/lib/modules/6.14.0-37-generic/kernel/drivers/media/i2c/ov2640.ko.zst
/lib/modules/6.14.0-37-generic/kernel/drivers/media/i2c/ov5693.ko.zst
/lib/modules/6.14.0-37-generic/kernel/drivers/media/i2c/ov13b10.ko.zst
/lib/modules/6.14.0-37-generic/kernel/drivers/media/i2c/ov5675.ko.zst
/lib/modules/6.14.0-37-generic/kernel/drivers/media/i2c/ov2680.ko.zst
/lib/modules/6.14.0-37-generic/kernel/drivers/media/i2c/ov8856.ko.zst
/lib/modules/6.14.0-37-generic/kernel/drivers/media/i2c/ov8858.ko.zst
/lib/modules/6.14.0-37-generic/kernel/drivers/media/i2c/ov7640.ko.zst
/lib/modules/6.14.0-37-generic/kernel/drivers/media/i2c/ov7740.ko.zst
/lib/modules/6.14.0-37-generic/kernel/drivers/media/i2c/ov08d10.ko.zst
/lib/modules/6.14.0-37-generic/kernel/drivers/media/i2c/ov4689.ko.zst
/lib/modules/6.14.0-37-generic/kernel/drivers/media/i2c/imx219.ko.zst
/lib/modules/6.14.0-37-generic/kernel/drivers/media/i2c/ov64a40.ko.zst

--- Kernel version and config ---
6.14.0-37-generic

Checking kernel config for IPU support:
CONFIG_VIDEO_IPU3_CIO2=m
CONFIG_VIDEO_INTEL_IPU6=m
CONFIG_IPU_BRIDGE=m
CONFIG_VIDEO_IPU3_IMGU=m

[2026-01-16 16:33:50] === 3. FIRMWARE STATUS ===

--- /lib/firmware/intel/ IPU firmware ---
drwxr-xr-x  2 root root   4096 Nov 26 09:40 ipu
lrwxrwxrwx  1 root root     60 Nov 17 16:23 ipu3-fw.bin.zst -> ipu/irci_irci_ecr-master_20161208_0213_20170112_1500.bin.zst
lrwxrwxrwx  1 root root     60 Nov 17 16:23 irci_irci_ecr-master_20161208_0213_20170112_1500.bin.zst -> ipu/irci_irci_ecr-master_20161208_0213_20170112_1500.bin.zst
/lib/firmware/intel/ipu:
-rw-r--r-- 1 root root  239683 Nov 17 16:23 ipu6epadln_fw.bin.zst
-rw-r--r-- 1 root root  239687 Nov 17 16:23 ipu6ep_fw.bin.zst
-rw-r--r-- 1 root root  240111 Nov 17 16:23 ipu6epmtl_fw.bin.zst
-rw-r--r-- 1 root root  240445 Nov 17 16:23 ipu6_fw.bin.zst
-rw-r--r-- 1 root root  206649 Nov 17 16:23 ipu6se_fw.bin.zst
-rw-r--r-- 1 root root  130672 Nov 17 16:23 ipu7_fw.bin.zst
-rw-r--r-- 1 root root 264792 Nov 17 16:23 ivsc_fw.bin.zst
-rw-r--r-- 1 root root 358608 Nov 17 16:23 ivsc_pkg_hi556_0.bin.zst
-rw-r--r-- 1 root root 403554 Nov 17 16:23 ivsc_pkg_himx11b1_0.bin.zst
-rw-r--r-- 1 root root 359167 Nov 17 16:23 ivsc_pkg_himx2170_0.bin.zst
-rw-r--r-- 1 root root 388590 Nov 17 16:23 ivsc_pkg_himx2172_0.bin.zst
lrwxrwxrwx 1 root root     24 Nov 17 16:23 ivsc_pkg_int3537_0.bin.zst -> ivsc_pkg_hi556_0.bin.zst
-rw-r--r-- 1 root root 401848 Nov 17 16:23 ivsc_pkg_ovti01a0_0.bin.zst
lrwxrwxrwx 1 root root     27 Nov 17 16:23 ivsc_pkg_ovti01af_0.bin.zst -> ivsc_pkg_ovti01a0_0.bin.zst
lrwxrwxrwx 1 root root     27 Nov 17 16:23 ivsc_pkg_ovti01as_0.bin.zst -> ivsc_pkg_ovti01a0_0.bin.zst
-rw-r--r-- 1 root root 356797 Nov 17 16:23 ivsc_pkg_ovti02c1_0.bin.zst
-rw-r--r-- 1 root root 387356 Nov 17 16:23 ivsc_pkg_ovti02e1_0.bin.zst
-rw-r--r-- 1 root root 401871 Nov 17 16:23 ivsc_pkg_ovti2740_0.bin.zst
-rw-r--r-- 1 root root 402618 Nov 17 16:23 ivsc_pkg_ovti5678_0.bin.zst
-rw-r--r-- 1 root root 402511 Nov 17 16:23 ivsc_pkg_ovti9734_0.bin.zst
-rw-r--r-- 1 root root 402292 Nov 17 16:23 ivsc_pkg_ovti9738_0.bin.zst
-rw-r--r-- 1 root root    516 Nov 17 16:23 ivsc_skucfg_hi556_0_1.bin.zst
-rw-r--r-- 1 root root    541 Nov 17 16:23 ivsc_skucfg_himx11b1_0_1.bin.zst
-rw-r--r-- 1 root root    516 Nov 17 16:23 ivsc_skucfg_himx2170_0_1.bin.zst
-rw-r--r-- 1 root root    624 Nov 17 16:23 ivsc_skucfg_himx2172_0_1.bin.zst
lrwxrwxrwx 1 root root     29 Nov 17 16:23 ivsc_skucfg_int3537_0_1.bin.zst -> ivsc_skucfg_hi556_0_1.bin.zst
-rw-r--r-- 1 root root    552 Nov 17 16:23 ivsc_skucfg_ovti01a0_0_1.bin.zst
lrwxrwxrwx 1 root root     32 Nov 17 16:23 ivsc_skucfg_ovti01af_0_1.bin.zst -> ivsc_skucfg_ovti01a0_0_1.bin.zst
lrwxrwxrwx 1 root root     32 Nov 17 16:23 ivsc_skucfg_ovti01as_0_1.bin.zst -> ivsc_skucfg_ovti01a0_0_1.bin.zst
-rw-r--r-- 1 root root    518 Nov 17 16:23 ivsc_skucfg_ovti02c1_0_1.bin.zst
-rw-r--r-- 1 root root    628 Nov 17 16:23 ivsc_skucfg_ovti02e1_0_1.bin.zst
-rw-r--r-- 1 root root    541 Nov 17 16:23 ivsc_skucfg_ovti2740_0_1.bin.zst
-rw-r--r-- 1 root root    540 Nov 17 16:23 ivsc_skucfg_ovti5678_0_1.bin.zst
-rw-r--r-- 1 root root    538 Nov 17 16:23 ivsc_skucfg_ovti9734_0_1.bin.zst
lrwxrwxrwx 1 root root     32 Nov 17 16:23 ivsc_skucfg_ovti9738_0_1.bin.zst -> ivsc_skucfg_ovti2740_0_1.bin.zst

--- IPU camera packages ---
ii  accountsservice                                  23.13.9-7ubuntu1                           amd64        query and manipulate user account information
ii  bpftool                                          7.6.0+6.14.0-37.37                         amd64        Inspection and simple manipulation of BPF programs and maps
ii  bubblewrap                                       0.11.0-2                                   amd64        utility for unprivileged chroot and namespace manipulation
ii  cups-ppdc                                        2.4.12-0ubuntu1.6                          amd64        Common UNIX Printing System(tm) - PPD manipulation utilities
ii  hyprcursor-util                                  0.1.9-1build1                              amd64        Utility to manipulate hyprcusor and xcursor themes
ii  imagemagick                                      8:7.1.1.43+dfsg1-1                         amd64        image manipulation programs -- binaries
ii  imagemagick-7-common                             8:7.1.1.43+dfsg1-1                         all          image manipulation programs -- infrastructure
ii  imagemagick-7.q16                                8:7.1.1.43+dfsg1-1                         amd64        image manipulation programs -- quantum depth Q16
ii  iputils-ping                                     3:20240905-1ubuntu1.1                      amd64        Tools to test the reachability of network hosts
ii  iputils-tracepath                                3:20240905-1ubuntu1.1                      amd64        Tools to trace the network path to a remote host
ii  libaccountsservice0:amd64                        23.13.9-7ubuntu1                           amd64        query and manipulate user account information - shared libraries
ii  libblockdev3:amd64                               3.3.0-2ubuntu0.1                           amd64        Library for manipulating block devices
ii  libexiv2-28:amd64                                0.28.5+dfsg-1                              amd64        EXIF/IPTC/XMP metadata manipulation library
ii  libexiv2-data                                    0.28.5+dfsg-1                              all          EXIF/IPTC/XMP metadata manipulation library - shared data
ii  libisl23:amd64                                   0.27-1                                     amd64        manipulating sets and relations of integer points bounded by linear constraints
ii  libjansson4:amd64                                2.14-2build2                               amd64        C library for encoding, decoding and manipulating JSON data
ii  libjson-c5:amd64                                 0.18+ds-1                                  amd64        JSON manipulation library - shared library
ii  libjson-glib-1.0-0:amd64                         1.10.6+ds-2                                amd64        GLib JSON manipulation library
ii  libjson-glib-1.0-common                          1.10.6+ds-2                                all          GLib JSON manipulation library (common files)
ii  libmagickcore-7.q16-10:amd64                     8:7.1.1.43+dfsg1-1                         amd64        low-level image manipulation library -- quantum depth Q16
ii  libmagickcore-7.q16-10-extra:amd64               8:7.1.1.43+dfsg1-1                         amd64        low-level image manipulation library - extra codecs (Q16)
ii  libmagickwand-7.q16-10:amd64                     8:7.1.1.43+dfsg1-1                         amd64        image manipulation library -- quantum depth Q16
ii  libmailtools-perl                                2.22-1                                     all          modules to manipulate email in perl programs
ii  libparted-fs-resize0t64:amd64                    3.6-5                                      amd64        disk partition manipulator - shared FS resizing library
ii  libparted2t64:amd64                              3.6-5                                      amd64        disk partition manipulator - shared library
ii  libpipeline1:amd64                               1.5.8-1                                    amd64        Unix process pipeline manipulation library
ii  libpixman-1-0:amd64                              0.44.0-3                                   amd64        pixel-manipulation library for X and cairo
ii  libpixman-1-dev:amd64                            0.44.0-3                                   amd64        pixel-manipulation library for X and cairo (development files)
ii  libsepol-dev:amd64                               3.7-1                                      amd64        SELinux binary policy manipulation library and development files
ii  libsepol2:amd64                                  3.7-1                                      amd64        SELinux library for manipulating binary security policies
ii  libtimedate-perl                                 2.3300-2                                   all          collection of modules to manipulate date/time information
ii  liburi-perl                                      5.30-1                                     all          module to manipulate and access URI strings
ii  libvolume-key1:amd64                             0.3.12-9                                   amd64        Library for manipulating storage encryption keys and passphrases
ii  libxkbfile1:amd64                                1:1.1.0-1build4                            amd64        X11 keyboard file manipulation library
ii  mokutil                                          0.6.0-2build3                              amd64        tools for manipulating machine owner keys
ii  mount                                            2.40.2-14ubuntu1.1                         amd64        tools for mounting and manipulating filesystems
ii  node-ansi-escapes                                5.0.0+really.4.3.1-1                       all          ANSI escape codes for manipulating the terminal
ii  node-esprima                                     4.0.1+ds+~4.0.3-2                          all          ECMAScript parsing infrastructure for multipurpose analysis
ii  parted                                           3.6-5                                      amd64        disk partition manipulator
ii  python3-jaraco.text                              4.0.0-1                                    all          jaraco text manipulation functions
ii  python3-lazr.uri                                 1.0.6-6                                    all          library for parsing, manipulating, and generating URIs
ii  python3-netaddr                                  1.3.0-1                                    all          manipulation of various common network address notations (Python 3)
ii  python3-xkit                                     0.5.0ubuntu7                               all          library for the manipulation of xorg.conf files (Python 3)
ii  sbsigntool                                       0.9.4-3.1ubuntu7                           amd64        Tools to manipulate signatures on UEFI binaries and drivers
ii  udisks2                                          2.10.1-11ubuntu2.3                         amd64        D-Bus service to access and manipulate storage devices

[2026-01-16 16:33:56] === 4. ACPI/PLATFORM ===

--- Camera-related ACPI devices ---
lrwxrwxrwx 1 root root 0 Jan 16 09:55 INT3472:00 -> ../../../devices/LNXSYSTM:00/LNXSYBUS:00/INT3472:00
lrwxrwxrwx 1 root root 0 Jan 16 09:55 INT3472:01 -> ../../../devices/LNXSYSTM:00/LNXSYBUS:00/INT3472:01
lrwxrwxrwx 1 root root 0 Jan 16 09:55 INT3472:02 -> ../../../devices/LNXSYSTM:00/LNXSYBUS:00/INT3472:02
lrwxrwxrwx 1 root root 0 Jan 16 09:55 INT3472:03 -> ../../../devices/LNXSYSTM:00/LNXSYBUS:00/INT3472:03
lrwxrwxrwx 1 root root 0 Jan 16 09:55 INT3472:04 -> ../../../devices/LNXSYSTM:00/LNXSYBUS:00/INT3472:04
lrwxrwxrwx 1 root root 0 Jan 16 09:55 INT3472:05 -> ../../../devices/LNXSYSTM:00/LNXSYBUS:00/INT3472:05
lrwxrwxrwx 1 root root 0 Jan 16 09:55 INT3472:06 -> ../../../devices/LNXSYSTM:00/LNXSYBUS:00/INT3472:06
lrwxrwxrwx 1 root root 0 Jan 16 09:55 INT3472:07 -> ../../../devices/LNXSYSTM:00/LNXSYBUS:00/INT3472:07
lrwxrwxrwx 1 root root 0 Jan 16 09:55 INT3472:08 -> ../../../devices/LNXSYSTM:00/LNXSYBUS:00/INT3472:08
lrwxrwxrwx 1 root root 0 Jan 16 09:55 INT3472:09 -> ../../../devices/LNXSYSTM:00/LNXSYBUS:00/INT3472:09
lrwxrwxrwx 1 root root 0 Jan 16 09:55 INT3472:0a -> ../../../devices/LNXSYSTM:00/LNXSYBUS:00/INT3472:0a
lrwxrwxrwx 1 root root 0 Jan 16 09:55 INT3472:0b -> ../../../devices/LNXSYSTM:00/LNXSYBUS:00/INT3472:0b

--- All ACPI device IDs (potential camera sensors) ---
No camera paths found in ACPI

--- DMI System Information ---
SAMSUNG ELECTRONICS CO., LTD.
940XHA
P05VAJ

[2026-01-16 16:34:36] === 5. V4L2 INFRASTRUCTURE ===

--- v4l2-ctl check ---
v4l2-ctl not found
v4l2-ctl not installed or no devices

--- Media controller devices ---
No media controller devices found

--- /dev/video* devices ---
No video devices found

[2026-01-16 16:34:45] === 6. DETAILED PCI/USB ANALYSIS ===

--- Full lspci output ---
00:00.0 Host bridge [0600]: Intel Corporation Device [8086:6400] (rev 04)
	DeviceName: Onboard - Other
	Subsystem: Samsung Electronics Co Ltd Device [144d:ca08]
	Control: I/O- Mem+ BusMaster+ SpecCycle- MemWINV- VGASnoop- ParErr- Stepping- SERR- FastB2B- DisINTx-
	Status: Cap+ 66MHz- UDF- FastB2B+ ParErr- DEVSEL=fast >TAbort- <TAbort- <MAbort- >SERR- <PERR- INTx-
	Latency: 0
	IOMMU group: 5
	Capabilities: <access denied>

00:02.0 VGA compatible controller [0300]: Intel Corporation Lunar Lake [Intel Arc Graphics 130V / 140V] [8086:64a0] (rev 04) (prog-if 00 [VGA controller])
	DeviceName: Onboard - Video
	Subsystem: Samsung Electronics Co Ltd Device [144d:ca08]
	Control: I/O+ Mem+ BusMaster+ SpecCycle- MemWINV- VGASnoop- ParErr- Stepping- SERR- FastB2B- DisINTx-
	Status: Cap+ 66MHz- UDF- FastB2B- ParErr- DEVSEL=fast >TAbort- <TAbort- <MAbort- >SERR- <PERR- INTx-
	Latency: 0, Cache Line Size: 64 bytes
	Interrupt: pin ? routed to IRQ 187
	IOMMU group: 4
	Region 0: Memory at 3010000000 (64-bit, prefetchable) [size=16M]
	Region 2: Memory at 2000000000 (64-bit, prefetchable) [size=256M]
	Expansion ROM at 000c0000 [disabled] [size=128K]
	Capabilities: <access denied>
	Kernel driver in use: xe
	Kernel modules: xe

00:04.0 Signal processing controller [1180]: Intel Corporation Device [8086:641d] (rev 04)
	DeviceName: Onboard - Other
	Subsystem: Samsung Electronics Co Ltd Device [144d:ca08]
	Control: I/O- Mem+ BusMaster+ SpecCycle- MemWINV- VGASnoop- ParErr- Stepping- SERR- FastB2B- DisINTx+
	Status: Cap+ 66MHz- UDF- FastB2B+ ParErr- DEVSEL=fast >TAbort- <TAbort- <MAbort- >SERR- <PERR- INTx-
	Latency: 0
	Interrupt: pin ? routed to IRQ 183
	IOMMU group: 0
	Region 0: Memory at 30162c0000 (64-bit, non-prefetchable) [size=128K]
	Capabilities: <access denied>
	Kernel driver in use: proc_thermal_pci
	Kernel modules: processor_thermal_device_pci

00:05.0 Multimedia controller [0480]: Intel Corporation Device [8086:645d] (rev 04)
	DeviceName: Onboard - Sound
	Subsystem: Samsung Electronics Co Ltd Device [144d:ca08]
	Control: I/O- Mem- BusMaster- SpecCycle- MemWINV- VGASnoop- ParErr- Stepping- SERR- FastB2B- DisINTx-
	Status: Cap+ 66MHz- UDF- FastB2B- ParErr- DEVSEL=fast >TAbort- <TAbort- <MAbort- >SERR- <PERR- INTx-
	IOMMU group: 1
	Region 0: Memory at 3014000000 (64-bit, non-prefetchable) [disabled] [size=32M]
	Region 4: Memory at 3016336000 (64-bit, non-prefetchable) [disabled] [size=4K]
	Capabilities: <access denied>

00:07.0 PCI bridge [0604]: Intel Corporation Lunar Lake-M Thunderbolt 4 PCI Express Root Port #0 [8086:a84e] (rev 10) (prog-if 00 [Normal decode])
	Subsystem: Samsung Electronics Co Ltd Device [144d:ca08]
	Control: I/O+ Mem+ BusMaster+ SpecCycle- MemWINV- VGASnoop- ParErr- Stepping- SERR- FastB2B- DisINTx+
	Status: Cap+ 66MHz- UDF- FastB2B- ParErr- DEVSEL=fast >TAbort- <TAbort- <MAbort- >SERR- <PERR- INTx-
	Latency: 0, Cache Line Size: 64 bytes
	Interrupt: pin A routed to IRQ 126
	IOMMU group: 6
	Bus: primary=00, secondary=01, subordinate=2a, sec-latency=0
	I/O behind bridge: 3000-3fff [size=4K] [16-bit]
	Memory behind bridge: 88000000-8dffffff [size=96M] [32-bit]
	Prefetchable memory behind bridge: 2810000000-300fffffff [size=32G] [32-bit]
	Secondary status: 66MHz- FastB2B- ParErr- DEVSEL=fast >TAbort- <TAbort- <MAbort- <SERR- <PERR-
	BridgeCtl: Parity- SERR+ NoISA- VGA- VGA16+ MAbort- >Reset- FastB2B-
		PriDiscTmr- SecDiscTmr- DiscTmrStat- DiscTmrSERREn-
	Capabilities: <access denied>
	Kernel driver in use: pcieport

00:07.1 PCI bridge [0604]: Intel Corporation Lunar Lake-M Thunderbolt 4 PCI Express Root Port #1 [8086:a84f] (rev 10) (prog-if 00 [Normal decode])
	Subsystem: Samsung Electronics Co Ltd Device [144d:ca08]
	Control: I/O+ Mem+ BusMaster+ SpecCycle- MemWINV- VGASnoop- ParErr- Stepping- SERR- FastB2B- DisINTx+
	Status: Cap+ 66MHz- UDF- FastB2B- ParErr- DEVSEL=fast >TAbort- <TAbort- <MAbort- >SERR- <PERR- INTx-
	Latency: 0, Cache Line Size: 64 bytes
	Interrupt: pin B routed to IRQ 127
	IOMMU group: 7
	Bus: primary=00, secondary=2b, subordinate=54, sec-latency=0
	I/O behind bridge: 4000-4fff [size=4K] [16-bit]
	Memory behind bridge: 82000000-87ffffff [size=96M] [32-bit]
	Prefetchable memory behind bridge: 2010000000-280fffffff [size=32G] [32-bit]
	Secondary status: 66MHz- FastB2B- ParErr- DEVSEL=fast >TAbort- <TAbort- <MAbort- <SERR- <PERR-
	BridgeCtl: Parity- SERR+ NoISA- VGA- VGA16+ MAbort- >Reset- FastB2B-
		PriDiscTmr- SecDiscTmr- DiscTmrStat- DiscTmrSERREn-
	Capabilities: <access denied>
	Kernel driver in use: pcieport

00:0a.0 Signal processing controller [1180]: Intel Corporation Device [8086:647d] (rev 04)
	DeviceName: Onboard - Other
	Subsystem: Samsung Electronics Co Ltd Device [144d:ca08]
	Control: I/O- Mem+ BusMaster- SpecCycle- MemWINV- VGASnoop- ParErr- Stepping- SERR- FastB2B- DisINTx-
	Status: Cap+ 66MHz- UDF- FastB2B- ParErr- DEVSEL=fast >TAbort- <TAbort- <MAbort- >SERR- <PERR- INTx-
	IOMMU group: 2
	Region 0: Memory at 3016310000 (64-bit, non-prefetchable) [size=64K]
	Capabilities: <access denied>
	Kernel driver in use: intel_vsec
	Kernel modules: intel_vsec

00:0b.0 Processing accelerators [1200]: Intel Corporation Lunar Lake NPU [8086:643e] (rev 04)
	DeviceName: Onboard - Other
	Subsystem: Samsung Electronics Co Ltd Device [144d:ca08]
	Control: I/O- Mem+ BusMaster+ SpecCycle- MemWINV- VGASnoop- ParErr- Stepping- SERR- FastB2B- DisINTx+
	Status: Cap+ 66MHz- UDF- FastB2B- ParErr- DEVSEL=fast >TAbort- <TAbort- <MAbort- >SERR- <PERR- INTx-
	Latency: 0, Cache Line Size: 64 bytes
	Interrupt: pin ? routed to IRQ 171
	IOMMU group: 3
	Region 0: Memory at 3012000000 (64-bit, non-prefetchable) [size=32M]
	Region 4: Memory at 3016335000 (64-bit, non-prefetchable) [size=4K]
	Capabilities: <access denied>
	Kernel driver in use: intel_vpu
	Kernel modules: intel_vpu

00:0d.0 USB controller [0c03]: Intel Corporation Lunar Lake-M Thunderbolt 4 USB Controller [8086:a831] (rev 10) (prog-if 30 [XHCI])
	DeviceName: Onboard - Other
	Subsystem: Samsung Electronics Co Ltd Device [144d:ca08]
	Control: I/O- Mem+ BusMaster+ SpecCycle- MemWINV- VGASnoop- ParErr- Stepping- SERR- FastB2B- DisINTx+
	Status: Cap+ 66MHz- UDF- FastB2B+ ParErr- DEVSEL=medium >TAbort- <TAbort- <MAbort- >SERR- <PERR- INTx-
	Latency: 0, Cache Line Size: 64 bytes
	Interrupt: pin ? routed to IRQ 129
	IOMMU group: 8
	Region 0: Memory at 3016300000 (64-bit, non-prefetchable) [size=64K]
	Capabilities: <access denied>
	Kernel driver in use: xhci_hcd

00:0d.2 USB controller [0c03]: Intel Corporation Lunar Lake-M Thunderbolt 4 NHI #0 [8086:a833] (rev 10) (prog-if 40 [USB4 Host Interface])
	DeviceName: Onboard - Other
	Subsystem: Samsung Electronics Co Ltd Device [144d:ca08]
	Control: I/O+ Mem+ BusMaster+ SpecCycle- MemWINV- VGASnoop- ParErr- Stepping- SERR- FastB2B- DisINTx+
	Status: Cap+ 66MHz- UDF- FastB2B- ParErr- DEVSEL=fast >TAbort- <TAbort- <MAbort- >SERR- <PERR- INTx-
	Latency: 0, Cache Line Size: 64 bytes
	Interrupt: pin A routed to IRQ 16
	IOMMU group: 8
	Region 0: Memory at 3016280000 (64-bit, non-prefetchable) [size=256K]
	Region 2: Memory at 3016334000 (64-bit, non-prefetchable) [size=4K]
	Capabilities: <access denied>
	Kernel driver in use: thunderbolt
	Kernel modules: thunderbolt

00:12.0 Serial controller [0700]: Intel Corporation Lunar Lake-M Integrated Sensor Hub [8086:a845] (rev 10) (prog-if 00 [8250])
	DeviceName: Onboard - Other
	Subsystem: Samsung Electronics Co Ltd Device [144d:ca08]
	Control: I/O- Mem+ BusMaster+ SpecCycle- MemWINV- VGASnoop- ParErr- Stepping- SERR- FastB2B- DisINTx+
	Status: Cap+ 66MHz- UDF- FastB2B- ParErr- DEVSEL=fast >TAbort- <TAbort- <MAbort- >SERR- <PERR- INTx-
	Latency: 0, Cache Line Size: 64 bytes
	Interrupt: pin A routed to IRQ 145
	IOMMU group: 9
	Region 0: Memory at 30162f0000 (64-bit, non-prefetchable) [size=64K]
	Capabilities: <access denied>
	Kernel driver in use: intel_ish_ipc
	Kernel modules: intel_ish_ipc

00:13.0 Communication controller [0780]: Intel Corporation Device [8086:a862] (rev 10)
	DeviceName: Onboard - Other
	Subsystem: Samsung Electronics Co Ltd Device [144d:ca08]
	Control: I/O- Mem+ BusMaster+ SpecCycle- MemWINV- VGASnoop- ParErr- Stepping- SERR- FastB2B- DisINTx-
	Status: Cap+ 66MHz- UDF- FastB2B- ParErr- DEVSEL=fast >TAbort- <TAbort- <MAbort- >SERR- <PERR- INTx-
	Latency: 0
	Interrupt: pin A routed to IRQ 255
	IOMMU group: 10
	Region 0: Memory at 3016333000 (64-bit, non-prefetchable) [size=4K]
	Capabilities: <access denied>

00:14.0 USB controller [0c03]: Intel Corporation Lunar Lake-M USB 3.2 Gen 2x1 xHCI Host Controller [8086:a87d] (rev 10) (prog-if 30 [XHCI])
	DeviceName: Onboard - Other
	Subsystem: Samsung Electronics Co Ltd Device [144d:ca08]
	Control: I/O- Mem+ BusMaster+ SpecCycle- MemWINV- VGASnoop- ParErr- Stepping- SERR- FastB2B- DisINTx+
	Status: Cap+ 66MHz- UDF- FastB2B+ ParErr- DEVSEL=medium >TAbort- <TAbort- <MAbort- >SERR- <PERR- INTx-
	Latency: 0, Cache Line Size: 64 bytes
	Interrupt: pin A routed to IRQ 137
	IOMMU group: 11
	Region 0: Memory at 30162e0000 (64-bit, non-prefetchable) [size=64K]
	Capabilities: <access denied>
	Kernel driver in use: xhci_hcd

00:14.2 RAM memory [0500]: Intel Corporation Device [8086:a87f] (rev 10)
	DeviceName: Onboard - Other
	Subsystem: Samsung Electronics Co Ltd Device [144d:ca08]
	Control: I/O- Mem- BusMaster- SpecCycle- MemWINV- VGASnoop- ParErr- Stepping- SERR- FastB2B- DisINTx-
	Status: Cap+ 66MHz- UDF- FastB2B- ParErr- DEVSEL=fast >TAbort- <TAbort- <MAbort- >SERR- <PERR- INTx-
	IOMMU group: 11
	Region 0: Memory at 3016320000 (64-bit, non-prefetchable) [disabled] [size=32K]
	Region 2: Memory at 3016332000 (64-bit, non-prefetchable) [disabled] [size=4K]
	Capabilities: <access denied>

00:14.3 Network controller [0280]: Intel Corporation BE201 320MHz [8086:a840] (rev 10)
	DeviceName: Onboard - Ethernet
	Subsystem: Intel Corporation Device [8086:00e4]
	Control: I/O- Mem+ BusMaster+ SpecCycle- MemWINV- VGASnoop- ParErr- Stepping- SERR- FastB2B- DisINTx+
	Status: Cap+ 66MHz- UDF- FastB2B- ParErr- DEVSEL=fast >TAbort- <TAbort- <MAbort- >SERR- <PERR- INTx-
	Latency: 0, Cache Line Size: 64 bytes
	Interrupt: pin C routed to IRQ 18
	IOMMU group: 12
	Region 0: Memory at 3016328000 (64-bit, non-prefetchable) [size=16K]
	Capabilities: <access denied>
	Kernel driver in use: iwlwifi
	Kernel modules: iwlwifi

00:15.0 Serial bus controller [0c80]: Intel Corporation Lunar Lake-M Serial IO I2C Controller #0 [8086:a878] (rev 10)
	DeviceName: Onboard - Other
	Subsystem: Samsung Electronics Co Ltd Device [144d:ca08]
	Control: I/O- Mem+ BusMaster+ SpecCycle- MemWINV- VGASnoop- ParErr- Stepping- SERR- FastB2B- DisINTx-
	Status: Cap+ 66MHz- UDF- FastB2B- ParErr- DEVSEL=fast >TAbort- <TAbort- <MAbort- >SERR- <PERR- INTx-
	Latency: 0, Cache Line Size: 64 bytes
	Interrupt: pin A routed to IRQ 27
	IOMMU group: 13
	Region 0: Memory at 3011000000 (64-bit, non-prefetchable) [size=4K]
	Capabilities: <access denied>
	Kernel driver in use: intel-lpss
	Kernel modules: intel_lpss_pci

00:15.1 Serial bus controller [0c80]: Intel Corporation Lunar Lake-M Serial IO I2C Controller #1 [8086:a879] (rev 10)
	DeviceName: Onboard - Other
	Subsystem: Samsung Electronics Co Ltd Device [144d:ca08]
	Control: I/O- Mem+ BusMaster+ SpecCycle- MemWINV- VGASnoop- ParErr- Stepping- SERR- FastB2B- DisINTx-
	Status: Cap+ 66MHz- UDF- FastB2B- ParErr- DEVSEL=fast >TAbort- <TAbort- <MAbort- >SERR- <PERR- INTx-
	Latency: 0, Cache Line Size: 64 bytes
	Interrupt: pin B routed to IRQ 28
	IOMMU group: 13
	Region 0: Memory at 3011001000 (64-bit, non-prefetchable) [size=4K]
	Capabilities: <access denied>
	Kernel driver in use: intel-lpss
	Kernel modules: intel_lpss_pci

00:15.2 Serial bus controller [0c80]: Intel Corporation Lunar Lake-M Serial IO I2C Controller #2 [8086:a87a] (rev 10)
	DeviceName: Onboard - Other
	Subsystem: Samsung Electronics Co Ltd Device [144d:ca08]
	Control: I/O- Mem+ BusMaster+ SpecCycle- MemWINV- VGASnoop- ParErr- Stepping- SERR- FastB2B- DisINTx-
	Status: Cap+ 66MHz- UDF- FastB2B- ParErr- DEVSEL=fast >TAbort- <TAbort- <MAbort- >SERR- <PERR- INTx-
	Latency: 0, Cache Line Size: 64 bytes
	Interrupt: pin C routed to IRQ 29
	IOMMU group: 13
	Region 0: Memory at 3011002000 (64-bit, non-prefetchable) [size=4K]
	Capabilities: <access denied>
	Kernel driver in use: intel-lpss
	Kernel modules: intel_lpss_pci

00:15.3 Serial bus controller [0c80]: Intel Corporation Lunar Lake-M Serial IO I2C Controller #3 [8086:a87b] (rev 10)
	DeviceName: Onboard - Other
	Subsystem: Samsung Electronics Co Ltd Device [144d:ca08]
	Control: I/O- Mem+ BusMaster+ SpecCycle- MemWINV- VGASnoop- ParErr- Stepping- SERR- FastB2B- DisINTx-
	Status: Cap+ 66MHz- UDF- FastB2B- ParErr- DEVSEL=fast >TAbort- <TAbort- <MAbort- >SERR- <PERR- INTx-
	Latency: 0, Cache Line Size: 64 bytes
	Interrupt: pin D routed to IRQ 30
	IOMMU group: 13
	Region 0: Memory at 3011003000 (64-bit, non-prefetchable) [size=4K]
	Capabilities: <access denied>
	Kernel driver in use: intel-lpss
	Kernel modules: intel_lpss_pci

00:16.0 Communication controller [0780]: Intel Corporation Device [8086:a870] (rev 10)
	DeviceName: Onboard - Other
	Subsystem: Samsung Electronics Co Ltd Device [144d:ca08]
	Control: I/O- Mem+ BusMaster+ SpecCycle- MemWINV- VGASnoop- ParErr- Stepping- SERR- FastB2B- DisINTx+
	Status: Cap+ 66MHz- UDF- FastB2B- ParErr- DEVSEL=fast >TAbort- <TAbort- <MAbort- >SERR- <PERR- INTx-
	Latency: 0
	Interrupt: pin A routed to IRQ 162
	IOMMU group: 14
	Region 0: Memory at 301632d000 (64-bit, non-prefetchable) [size=4K]
	Capabilities: <access denied>
	Kernel driver in use: mei_me
	Kernel modules: mei_me

00:1c.0 PCI bridge [0604]: Intel Corporation Lunar Lake-M PCI Express Root Port #1 [8086:a838] (rev 10) (prog-if 00 [Normal decode])
	Subsystem: Samsung Electronics Co Ltd Device [144d:ca08]
	Control: I/O+ Mem+ BusMaster+ SpecCycle- MemWINV- VGASnoop- ParErr- Stepping- SERR- FastB2B- DisINTx+
	Status: Cap+ 66MHz- UDF- FastB2B- ParErr- DEVSEL=fast >TAbort- <TAbort- <MAbort- >SERR- <PERR- INTx-
	Latency: 0, Cache Line Size: 64 bytes
	Interrupt: pin A routed to IRQ 128
	IOMMU group: 15
	Bus: primary=00, secondary=55, subordinate=55, sec-latency=0
	I/O behind bridge: [disabled] [16-bit]
	Memory behind bridge: 8e200000-8e2fffff [size=1M] [32-bit]
	Prefetchable memory behind bridge: [disabled] [64-bit]
	Secondary status: 66MHz- FastB2B- ParErr- DEVSEL=fast >TAbort- <TAbort- <MAbort- <SERR- <PERR-
	BridgeCtl: Parity- SERR+ NoISA- VGA- VGA16+ MAbort- >Reset- FastB2B-
		PriDiscTmr- SecDiscTmr- DiscTmrStat- DiscTmrSERREn-
	Capabilities: <access denied>
	Kernel driver in use: pcieport

00:1f.0 ISA bridge [0601]: Intel Corporation Device [8086:a807] (rev 10)
	DeviceName: Onboard - Other
	Subsystem: Samsung Electronics Co Ltd Device [144d:ca08]
	Control: I/O+ Mem+ BusMaster+ SpecCycle- MemWINV- VGASnoop- ParErr- Stepping- SERR- FastB2B- DisINTx+
	Status: Cap- 66MHz- UDF- FastB2B- ParErr- DEVSEL=fast >TAbort- <TAbort- <MAbort- >SERR- <PERR- INTx-
	Latency: 0
	IOMMU group: 16

00:1f.3 Multimedia audio controller [0401]: Intel Corporation Lunar Lake-M HD Audio Controller [8086:a828] (rev 10)
	DeviceName: Onboard - Sound
	Subsystem: Samsung Electronics Co Ltd Device [144d:ca08]
	Control: I/O- Mem+ BusMaster+ SpecCycle- MemWINV- VGASnoop- ParErr- Stepping- SERR- FastB2B- DisINTx+
	Status: Cap+ 66MHz- UDF- FastB2B- ParErr- DEVSEL=fast >TAbort- <TAbort- <MAbort- >SERR- <PERR- INTx-
	Latency: 32, Cache Line Size: 64 bytes
	Interrupt: pin A routed to IRQ 188
	IOMMU group: 16
	Region 0: Memory at 3016200000 (64-bit, non-prefetchable) [size=512K]
	Region 4: Memory at 3016000000 (64-bit, non-prefetchable) [size=2M]
	Capabilities: <access denied>
	Kernel driver in use: sof-audio-pci-intel-lnl
	Kernel modules: snd_hda_intel, snd_sof_pci_intel_lnl

00:1f.4 SMBus [0c05]: Intel Corporation Lunar Lake-M SMbus Controller [8086:a822] (rev 10)
	DeviceName: Onboard - Other
	Subsystem: Samsung Electronics Co Ltd Device [144d:ca08]
	Control: I/O+ Mem+ BusMaster- SpecCycle- MemWINV- VGASnoop- ParErr- Stepping- SERR- FastB2B- DisINTx-
	Status: Cap- 66MHz- UDF- FastB2B+ ParErr- DEVSEL=medium >TAbort- <TAbort- <MAbort- >SERR- <PERR- INTx-
	Interrupt: pin C routed to IRQ 255
	IOMMU group: 16
	Region 0: Memory at 301632c000 (64-bit, non-prefetchable) [size=256]
	Region 4: I/O ports at efa0 [size=32]

00:1f.5 Serial bus controller [0c80]: Intel Corporation Lunar Lake-M SPI Controller [8086:a823] (rev 10)
	DeviceName: Onboard - Other
	Subsystem: Samsung Electronics Co Ltd Device [144d:ca08]
	Control: I/O- Mem+ BusMaster- SpecCycle- MemWINV- VGASnoop- ParErr- Stepping- SERR- FastB2B- DisINTx+
	Status: Cap- 66MHz- UDF- FastB2B- ParErr- DEVSEL=fast >TAbort- <TAbort- <MAbort- >SERR- <PERR- INTx-
	IOMMU group: 16
	Region 0: Memory at 80800000 (32-bit, non-prefetchable) [size=4K]
	Kernel driver in use: intel-spi
	Kernel modules: spi_intel_pci

55:00.0 Non-Volatile memory controller [0108]: Samsung Electronics Co Ltd NVMe SSD Controller PM9C1a (DRAM-less) [144d:a80d] (prog-if 02 [NVM Express])
	Subsystem: Samsung Electronics Co Ltd Device [144d:a801]
	Control: I/O- Mem+ BusMaster+ SpecCycle- MemWINV- VGASnoop- ParErr- Stepping- SERR- FastB2B- DisINTx+
	Status: Cap+ 66MHz- UDF- FastB2B- ParErr- DEVSEL=fast >TAbort- <TAbort- <MAbort- >SERR- <PERR- INTx-
	Latency: 0, Cache Line Size: 64 bytes
	Interrupt: pin A routed to IRQ 16
	IOMMU group: 17
	Region 0: Memory at 8e200000 (64-bit, non-prefetchable) [size=16K]
	Capabilities: <access denied>
	Kernel driver in use: nvme
	Kernel modules: nvme


[2026-01-16 16:35:16] === 7. ACPI DUMP ANALYSIS ===

Checking if acpidump is available...
/usr/bin/acpidump

--- Searching for camera-related ACPI methods in /sys/firmware/acpi/tables ---
total 0
drwxr-xr-x 4 root root      0 Jan 16 16:35 .
drwxr-xr-x 7 root root      0 Jan 16 09:55 ..
-r-------- 1 root root    216 Jan 16 16:35 APIC
-r-------- 1 root root     56 Jan 16 16:35 BGRT
drwxr-xr-x 2 root root      0 Jan 16 16:35 data
-r-------- 1 root root     84 Jan 16 16:35 DBG2
-r-------- 1 root root     52 Jan 16 16:35 DBGP
-r-------- 1 root root    216 Jan 16 10:11 DMAR
-r-------- 1 root root 165013 Jan 16 16:35 DSDT
-r-------- 1 root root    144 Jan 16 16:35 DTPR
drwxr-xr-x 2 root root      0 Jan 16 16:35 dynamic
-r-------- 1 root root    276 Jan 16 10:11 FACP
-r-------- 1 root root     64 Jan 16 16:35 FACS
-r-------- 1 root root    156 Jan 16 16:35 FIDT
-r-------- 1 root root     68 Jan 16 16:35 FPDT
-r-------- 1 root root     56 Jan 16 16:35 HPET
-r-------- 1 root root    204 Jan 16 16:35 LPIT
-r-------- 1 root root     60 Jan 16 16:35 MCFG
-r-------- 1 root root     85 Jan 16 16:35 MSDM
-r-------- 1 root root   2400 Jan 16 09:55 NHLT
-r-------- 1 root root   1632 Jan 16 10:11 PHAT
-r-------- 1 root root   1763 Jan 16 16:35 SSDT1
-r-------- 1 root root    916 Jan 16 16:35 SSDT10
-r-------- 1 root root   7087 Jan 16 16:35 SSDT11
-r-------- 1 root root   5664 Jan 16 16:35 SSDT12
-r-------- 1 root root   4937 Jan 16 16:35 SSDT13
-r-------- 1 root root   4027 Jan 16 16:35 SSDT14
-r-------- 1 root root  15319 Jan 16 16:35 SSDT15
-r-------- 1 root root   9312 Jan 16 16:35 SSDT16
-r-------- 1 root root    165 Jan 16 16:35 SSDT17
-r-------- 1 root root  36662 Jan 16 16:35 SSDT18
-r-------- 1 root root    309 Jan 16 16:35 SSDT19
-r-------- 1 root root    286 Jan 16 16:35 SSDT2
-r-------- 1 root root  10262 Jan 16 16:35 SSDT20
-r-------- 1 root root   3420 Jan 16 16:35 SSDT21
-r-------- 1 root root    496 Jan 16 16:35 SSDT22
-r-------- 1 root root   3465 Jan 16 16:35 SSDT23
-r-------- 1 root root   4386 Jan 16 16:35 SSDT24
-r-------- 1 root root   9315 Jan 16 16:35 SSDT25
-r-------- 1 root root  55318 Jan 16 16:35 SSDT26
-r-------- 1 root root   4512 Jan 16 16:35 SSDT27
-r-------- 1 root root  42090 Jan 16 16:35 SSDT3
-r-------- 1 root root    904 Jan 16 16:35 SSDT4
-r-------- 1 root root  10412 Jan 16 16:35 SSDT5
-r-------- 1 root root   4066 Jan 16 16:35 SSDT6
-r-------- 1 root root   1772 Jan 16 16:35 SSDT7
-r-------- 1 root root   1531 Jan 16 16:35 SSDT8
-r-------- 1 root root    427 Jan 16 16:35 SSDT9
-r-------- 1 root root     76 Jan 16 09:55 TPM2
-r-------- 1 root root     72 Jan 16 10:11 UEFI
-r-------- 1 root root     40 Jan 16 16:35 WSMT

[2026-01-16 16:35:29] === 8. INTEL IPU SPECIFIC CHECKS ===

--- Searching for IPU in PCI devices (device ID patterns) ---
No known Intel IPU PCI IDs found

--- CPU Information (to determine platform) ---
Architecture:                            x86_64
Vendor ID:                               GenuineIntel
Model name:                              Intel(R) Core(TM) Ultra 7 258V

[2026-01-16 16:35:36] === 9. SYSTEM LOGS ANALYSIS ===

--- journalctl camera/ipu related (if accessible) ---
Jan 16 09:55:54 Dumbo kernel: ACPI: SSDT 0x000000006B666000 000135 (v02 INTEL  IpuSsdt  00001000 INTL 20210930)
Jan 16 09:55:58 Dumbo wireplumber[2289]: wp-device: SPA handle 'api.libcamera.enum.manager' could not be loaded; is it installed?
Jan 16 09:55:58 Dumbo wireplumber[2289]: s-monitors-libcamera: PipeWire's libcamera SPA plugin is missing or broken. Some camera types may not be supported.
Jan 16 09:56:09 Dumbo wireplumber[3227]: wp-device: SPA handle 'api.libcamera.enum.manager' could not be loaded; is it installed?
Jan 16 09:56:09 Dumbo wireplumber[3227]: s-monitors-libcamera: PipeWire's libcamera SPA plugin is missing or broken. Some camera types may not be supported.
Jan 16 10:37:53 Dumbo systemd[3195]: Starting gvfs-gphoto2-volume-monitor.service - Virtual filesystem service - digital camera monitor...
Jan 16 10:37:53 Dumbo systemd[3195]: Started gvfs-gphoto2-volume-monitor.service - Virtual filesystem service - digital camera monitor.

[2026-01-16 16:35:52] === 10. PRIVILEGED CHECKS (dmesg, etc.) ===

--- dmesg with sudo ---
No camera-related dmesg entries found

--- Full dmesg boot log (last 500 lines) ---

[2026-01-16 16:36:14] === 11. EXISTING DRIVER ANALYSIS ===

--- modinfo for ipu-related modules (if available) ---
filename:       /lib/modules/6.14.0-37-generic/kernel/drivers/media/pci/intel/ipu6/intel-ipu6.ko.zst
description:    Intel IPU6 PCI driver
license:        GPL
author:         Hongju Wang <hongju.wang@intel.com>
author:         Yunliang Ding <yunliang.ding@intel.com>
author:         Qingwu Zhang <qingwu.zhang@intel.com>
author:         Bingbu Cao <bingbu.cao@intel.com>
author:         Tianshu Qiu <tian.shu.qiu@intel.com>
author:         Sakari Ailus <sakari.ailus@linux.intel.com>
import_ns:      INTEL_IPU_BRIDGE
srcversion:     5FA2B7B32D2488A85A4C646
alias:          pci:v00008086d00007D19sv*sd*bc*sc*i*
alias:          pci:v00008086d0000A75Dsv*sd*bc*sc*i*
alias:          pci:v00008086d0000462Esv*sd*bc*sc*i*
alias:          pci:v00008086d0000465Dsv*sd*bc*sc*i*
alias:          pci:v00008086d00004E19sv*sd*bc*sc*i*
alias:          pci:v00008086d00009A19sv*sd*bc*sc*i*
depends:        ipu-bridge
intree:         Y
name:           intel_ipu6
retpoline:      Y
vermagic:       6.14.0-37-generic SMP preempt mod_unload modversions 
sig_id:         PKCS#7
signer:         Build time autogenerated kernel key
sig_key:        26:A2:5C:68:61:2A:0B:7B:29:2F:11:BE:9B:05:43:C8:35:57:EE:34
sig_hashalgo:   sha512
signature:      0E:67:8B:06:91:57:FE:FC:59:40:8F:03:51:8F:5D:B8:C6:3F:C8:A7:
		BD:FA:52:DB:BB:15:89:C8:DF:A5:19:8A:D6:2D:24:66:23:6A:2B:26:
		BC:70:5F:9D:DA:E5:66:B2:5D:24:8C:EF:DC:E2:5A:A1:1D:B4:4D:F1:
		1A:2B:E0:42:C8:89:D1:78:72:FB:7D:7D:BA:8C:E1:A8:9C:C3:26:B6:
		30:D9:C7:58:99:74:7C:4A:2F:42:F7:58:7D:EF:D0:28:FB:A3:4C:AE:
		DD:A8:85:2A:FC:AD:59:3E:03:3F:77:EB:06:71:BF:B3:AC:F2:AB:B7:
		F6:3D:2D:33:F1:4A:3A:74:E7:BA:AA:62:32:13:2F:FE:21:B0:09:D7:
		1E:00:45:E0:F4:67:65:EC:F7:A1:BE:FE:4D:CD:C4:09:FD:CD:1F:3A:
		DA:77:75:90:26:4C:26:BC:F4:9A:3F:0A:E7:57:29:14:B3:D0:E8:41:
		37:BF:50:14:98:EE:C0:27:86:38:59:DC:82:67:4B:D5:2E:6B:99:67:
		EF:92:62:37:E8:A5:B1:8B:C3:11:E1:C2:DF:9E:C8:21:17:4E:DC:75:
		33:C7:E9:A4:33:61:F1:13:6B:E7:D6:87:BC:69:F6:A8:CB:D1:2F:82:
		79:B9:14:77:2D:9B:FD:59:4F:1D:D1:E7:C9:B2:0E:70:FF:4B:ED:F7:
		C3:48:10:9A:4F:DA:01:30:C6:84:55:C8:3A:3E:7B:0B:3A:6D:69:DC:
		EB:88:87:55:8C:4B:20:F4:98:3C:B7:F9:3E:1E:58:66:E4:96:5F:2D:
		B8:22:8C:17:B5:75:3E:04:49:9C:F6:21:C4:25:6C:0F:D1:32:65:CD:
		D4:40:0E:D9:E3:3F:89:A7:15:6F:E0:B2:75:06:76:23:32:31:68:B7:
		42:64:D3:77:C3:97:E0:2D:CF:D5:43:CE:9B:69:7C:3B:C9:76:9F:9D:
		EB:94:A1:C5:3B:5D:DB:FA:73:1A:B3:73:0D:B2:A2:27:A3:FC:0B:54:
		2A:E5:09:32:7D:B3:D6:1B:38:4B:CD:67:B5:89:38:61:21:FF:18:FD:
		5C:68:15:7A:05:58:FC:5B:32:80:16:93:D0:BD:6B:16:32:9F:00:38:
		01:6B:81:50:16:0E:47:41:30:63:C5:86:8E:22:DB:56:B2:DE:08:C7:
		C4:14:0A:6B:09:48:A7:B6:7D:BA:71:49:81:F7:13:48:4E:62:03:E5:
		13:D2:A9:2D:B3:1B:78:5D:88:E4:C1:D4:77:51:97:FE:6D:5B:17:83:
		72:29:9C:3A:72:02:B1:A3:D3:30:5F:55:17:07:2F:37:EB:71:2C:86:
		FF:76:3A:50:1A:7A:B9:5B:3E:66:21:4A

modinfo: ERROR: Module ipu6-isys not found.
ipu6-isys module not found

modinfo: ERROR: Module ipu6-psys not found.
ipu6-psys module not found

[2026-01-16 16:36:33] === 12. CHROME OS EC / PLATFORM DRIVER CHECKS ===

--- Platform drivers loaded ---
ac
acpi-fan
acpi-ged
acpi-tad
acpi-wmi
alarmtimer
amd_gpio
axp288_pmic_acpi
basic-mmio-gpio
bxt_whiskey_cove_pmic
byt_crystal_cove_pmic
byt_gpio
charger-manager
cherryview-pinctrl
cht_crystal_cove_pmic
cht_dollar_cove_ti_pmic
cht_whiskey_cove_pmic
clk-fch
clk-lpss-atom
clk-pmc-atom
crystal_cove_gpio
crystal_cove_pwm
dmic-codec
dwc2
dw-pcie
e820_pmem
ehci-platform
gated-fixed-clk
gpio-clk
i2c_designware
i8042
idma64
int3400 thermal
int3403 thermal
int3472-discrete
intel-hid
intel-pinctrl
intel_pmc_core
intel_rapl_msr
kgdboc
lgm-dma
mt6323-pwrc
ohci-platform
palmas-gpio
parport_pc
poweroff-restart
processor_aggregator
pwm-lpss
rc5t583-gpio
reg-dummy
rproc-virtio
serial8250
simple-framebuffer
simple-reset
skl_hda_dsp_generic
snd-soc-dummy
soc-audio
soc_button_array
sram
tpm_tis
tps65086-restart
tps6586x-gpio
tps65910-gpio
tps68470-clk
tps68470_pmic_opregion
tps68470-regulator
twl4030-audio
uart-sccnxp
ucsi_acpi
virtio-mmio

--- Platform devices ---
ACPI0003:00
ACPI000C:00
ACPI000E:01
acpi-cpufreq
alarmtimer.0.auto
coretemp.0
dmic-codec
efivars.0
Fixed MDIO bus.0
i2c_designware.0
i2c_designware.1
i2c_designware.2
i2c_designware.3
i8042
idma64.0
idma64.1
idma64.2
idma64.3
INT33A1:00
INT33D2:00
INT33D3:00
INT3472:00
INTC1025:00
INTC105D:00
INTC105D:01
INTC105D:02
INTC105D:03
INTC105D:04
INTC1068:00
INTC1069:00
INTC1069:01
INTC1069:02
INTC107B:00
intel_rapl_msr.0
kgdboc
microcode
MSFT0101:00
pcspkr
PNP0103:00
PNP0C09:00
PNP0C0A:00
PNP0C0B:00
PNP0C0C:00
PNP0C0D:00
PNP0C14:00
PNP0C14:01
PNP0C14:02
reg-dummy
regulatory.0
rtc-efi.0
SAM0430:00
serial8250
skl_hda_dsp_generic
snd-soc-dummy
USBC000:00

[2026-01-16 16:36:54] === 13. I2C BUS ANALYSIS ===

--- I2C buses (camera sensors typically on I2C) ---
total 0
drwxr-xr-x 2 root root 0 Jan 16 16:36 .
drwxr-xr-x 4 root root 0 Jan 16 09:55 ..
lrwxrwxrwx 1 root root 0 Jan 16 09:55 i2c-0 -> ../../../devices/pci0000:00/0000:00:15.0/i2c_designware.0/i2c-0
lrwxrwxrwx 1 root root 0 Jan 16 09:55 i2c-1 -> ../../../devices/pci0000:00/0000:00:15.1/i2c_designware.1/i2c-1
lrwxrwxrwx 1 root root 0 Jan 16 09:55 i2c-10 -> ../../../devices/pci0000:00/0000:00:02.0/i2c-10
lrwxrwxrwx 1 root root 0 Jan 16 09:55 i2c-11 -> ../../../devices/pci0000:00/0000:00:02.0/i2c-11
lrwxrwxrwx 1 root root 0 Jan 16 09:55 i2c-12 -> ../../../devices/pci0000:00/0000:00:02.0/i2c-12
lrwxrwxrwx 1 root root 0 Jan 16 09:55 i2c-13 -> ../../../devices/pci0000:00/0000:00:02.0/drm/card1/card1-eDP-1/i2c-13
lrwxrwxrwx 1 root root 0 Jan 16 09:55 i2c-14 -> ../../../devices/pci0000:00/0000:00:02.0/drm/card1/card1-DP-1/i2c-14
lrwxrwxrwx 1 root root 0 Jan 16 09:55 i2c-15 -> ../../../devices/pci0000:00/0000:00:02.0/drm/card1/card1-DP-2/i2c-15
lrwxrwxrwx 1 root root 0 Jan 16 09:55 i2c-2 -> ../../../devices/pci0000:00/0000:00:15.2/i2c_designware.2/i2c-2
lrwxrwxrwx 1 root root 0 Jan 16 09:55 i2c-3 -> ../../../devices/pci0000:00/0000:00:15.3/i2c_designware.3/i2c-3
lrwxrwxrwx 1 root root 0 Jan 16 09:55 i2c-4 -> ../../../devices/pci0000:00/0000:00:02.0/i2c-4
lrwxrwxrwx 1 root root 0 Jan 16 09:55 i2c-5 -> ../../../devices/pci0000:00/0000:00:02.0/i2c-5
lrwxrwxrwx 1 root root 0 Jan 16 09:55 i2c-6 -> ../../../devices/pci0000:00/0000:00:02.0/i2c-6
lrwxrwxrwx 1 root root 0 Jan 16 09:55 i2c-7 -> ../../../devices/pci0000:00/0000:00:02.0/i2c-7
lrwxrwxrwx 1 root root 0 Jan 16 09:55 i2c-8 -> ../../../devices/pci0000:00/0000:00:02.0/i2c-8
lrwxrwxrwx 1 root root 0 Jan 16 09:55 i2c-9 -> ../../../devices/pci0000:00/0000:00:02.0/i2c-9
lrwxrwxrwx 1 root root 0 Jan 16 09:55 i2c-GXTP7936:00 -> ../../../devices/pci0000:00/0000:00:15.1/i2c_designware.1/i2c-1/i2c-GXTP7936:00
lrwxrwxrwx 1 root root 0 Jan 16 09:55 i2c-MAX98390:00 -> ../../../devices/pci0000:00/0000:00:15.2/i2c_designware.2/i2c-2/i2c-MAX98390:00
lrwxrwxrwx 1 root root 0 Jan 16 09:55 i2c-OVTI02E1:00 -> ../../../devices/pci0000:00/0000:00:15.3/i2c_designware.3/i2c-3/i2c-OVTI02E1:00
lrwxrwxrwx 1 root root 0 Jan 16 09:55 i2c-ZNT0001:00 -> ../../../devices/pci0000:00/0000:00:15.0/i2c_designware.0/i2c-0/i2c-ZNT0001:00

--- i2cdetect utility check ---
/usr/sbin/i2cdetect

[2026-01-16 16:37:07] === 14. USERSPACE CAMERA STACK ===

--- libcamera check ---
cam not found
libcamera not installed

--- gstreamer camera plugins ---
No gstreamer video plugins found

[2026-01-16 16:37:22] === 15. SCANNING FOR EXISTING SAMSUNG DRIVERS ===

/lib/modules/6.14.0-37-generic/kernel/drivers/hid/hid-samsung.ko.zst
/lib/modules/6.14.0-37-generic/kernel/drivers/phy/samsung
/lib/modules/6.14.0-37-generic/kernel/drivers/platform/x86/samsung-laptop.ko.zst
/lib/modules/6.14.0-37-generic/kernel/drivers/platform/x86/samsung-q10.ko.zst
/lib/modules/6.14.0-37-generic/kernel/drivers/net/ethernet/samsung
/lib/modules/6.14.0-37-generic/kernel/drivers/net/ethernet/samsung/sxgbe/samsung-sxgbe.ko.zst
/lib/modules/6.14.0-37-generic/kernel/drivers/input/keyboard/samsung-keypad.ko.zst

[2026-01-16 16:37:26] === 16. CHECKING EXISTING PROJECT FILES ===

--- Files in current project ---
/home/psychopunk_sage/dev/drivers/camera-enablement/camera-recon.log
/home/psychopunk_sage/dev/drivers/README.md
/home/psychopunk_sage/dev/drivers/audio-config/README.md
/home/psychopunk_sage/dev/drivers/audio-config/BUG-REPORT.md
/home/psychopunk_sage/dev/drivers/audio-config/samsung-galaxybook-extras/README.md
/home/psychopunk_sage/dev/drivers/audio-config/INVESTIGATION-LOG.md
/home/psychopunk_sage/dev/drivers/audio-config/archive/GPIO_FIX_SUMMARY.md
/home/psychopunk_sage/dev/drivers/audio-config/archive/MAX98390-QUICK-START.md
/home/psychopunk_sage/dev/drivers/audio-config/archive/GPIO_ANALYSIS.md
/home/psychopunk_sage/dev/drivers/audio-config/archive/AUDIO-ROOT-CAUSE-FOUND.md
/home/psychopunk_sage/dev/drivers/audio-config/archive/QUICK-SOF-FIX.md
/home/psychopunk_sage/dev/drivers/audio-config/archive/SOF-SPEAKER-FIX.md
/home/psychopunk_sage/dev/drivers/audio-config/archive/AUDIO-NO-SOUND-DIAGNOSIS.md
/home/psychopunk_sage/dev/drivers/audio-config/archive/SPEAKER-FIX-GUIDE.md
/home/psychopunk_sage/dev/drivers/audio-config/archive/AUDIO-NEXT-STEPS.md
/home/psychopunk_sage/dev/drivers/audio-config/archive/COMMANDS-TO-RUN.md
/home/psychopunk_sage/dev/drivers/audio-config/archive/GPIO_ARCHITECTURE.txt
/home/psychopunk_sage/dev/drivers/audio-config/archive/MAX98390_GPIO_GUIDE.md
/home/psychopunk_sage/dev/drivers/audio-config/archive/SPEAKER-FIX-COMPLETE.md
/home/psychopunk_sage/dev/drivers/audio-config/archive/README-SOF.md

[2026-01-16 16:38:00] ========================================
=== CRITICAL FINDINGS SUMMARY ===
========================================

HARDWARE DETECTED:
------------------
1. Intel IPU (Image Processing Unit): CONFIRMED
   - PCI ID: 8086:645d (at 00:05.0)
   - Device Class: Multimedia controller [0480]
   - Platform: Intel Lunar Lake (Core Ultra 7 258V)
   - IPU Type: IPU6EP (Meteor Lake variant) or IPU7 (Lunar Lake)
   - Subsystem: Samsung Electronics [144d:ca08]
   - Status: DISABLED (Control: Mem-, BusMaster-)
   - Memory: 3014000000 (32M) + 3016336000 (4K) - BOTH DISABLED

2. Camera Sensor: CONFIRMED
   - ACPI ID: OVTI02E1:00 (OmniVision OV02E1)
   - Location: I2C bus 3 (i2c_designware.3)
   - Sensor Type: 2MP camera (typically IR/depth sensor for Windows Hello)
   - Status: Device present but no driver bound
   - Waiting for supplier: 0 (not blocked by dependencies)

3. Camera PMIC (Power Management IC): CONFIRMED
   - 12x INT3472 ACPI devices detected (INT3472:00 through INT3472:0b)
   - Driver loaded: int3472-discrete (kernel module loaded)
   - Privacy LED: Present at /sys/bus/platform/devices/INT3472:00/leds/OVTI02E1_00::privacy_led

4. I2C Infrastructure: WORKING
   - 4 I2C controllers detected (i2c-0 through i2c-3)
   - Camera on i2c-3 (00:15.3 - Lunar Lake Serial IO I2C Controller #3)
   - i2c-tools installed and available

KERNEL DRIVER STATUS:
---------------------
GOOD NEWS:
- Kernel 6.14.0-37-generic HAS IPU6/IPU7 support compiled
- CONFIG_VIDEO_INTEL_IPU6=m (module available)
- CONFIG_IPU_BRIDGE=m (module available)
- intel-ipu6 module: PRESENT in kernel tree
- intel-ipu6-isys module: Present as intel-ipu6-isys.ko.zst
- ivsc-csi module: PRESENT (Intel Video Sensing Controller - CSI)
- ivsc-ace module: PRESENT (IVSC ACE)
- ipu-bridge: PRESENT
- int3472 modules: LOADED (discrete PMIC support)

BAD NEWS:
- IPU6 main driver: NOT LOADED
- Camera sensor driver (ov02e1): NOT FOUND in kernel
- IPU PCI device: DISABLED in hardware (BusMaster-, Mem-)
- No /dev/video* devices present
- No V4L2 devices enumerated

FIRMWARE STATUS:
----------------
EXCELLENT - All firmware present:
- IPU6 firmware: /lib/firmware/intel/ipu/ipu6ep_fw.bin.zst
- IPU7 firmware: /lib/firmware/intel/ipu/ipu7_fw.bin.zst
- IVSC firmware: /lib/firmware/intel/ipu/ivsc_fw.bin.zst
- IVSC sensor package for OVTI02E1: /lib/firmware/intel/ipu/ivsc_pkg_ovti02e1_0.bin.zst
- IVSC SKU config: /lib/firmware/intel/ipu/ivsc_skucfg_ovti02e1_0_1.bin.zst

USERSPACE STATUS:
-----------------
MISSING:
- libcamera: NOT INSTALLED
- v4l2-ctl: NOT INSTALLED (v4l-utils package)
- GStreamer camera plugins: NOT FOUND
- PipeWire libcamera plugin: MISSING (wireplumber reports it's broken/missing)

ROOT CAUSE ANALYSIS:
====================

PRIMARY BLOCKER #1: IPU Hardware Disabled
------------------------------------------
The Intel IPU6/IPU7 PCI device at 00:05.0 is DISABLED at the hardware level:
  Control: I/O- Mem- BusMaster- (all disabled)
  Region 0: Memory at 3014000000 [disabled]
  Region 4: Memory at 3016336000 [disabled]

This is likely due to:
a) BIOS/UEFI configuration (IPU disabled in firmware settings)
b) Missing PCI device initialization
c) ACPI DSDT not enabling the device at boot

The kernel cannot load intel-ipu6 driver because the PCI BAR (Base Address Register)
is disabled and memory-mapped I/O is not accessible.

PRIMARY BLOCKER #2: Camera Sensor Driver Missing
-------------------------------------------------
The OVTI02E1 (OmniVision OV02E1) sensor is detected on I2C but has no driver:
- Kernel has ov02a10 but NOT ov02e1
- The ov02e1 driver may need to be:
  a) Compiled as out-of-tree module
  b) Backported from newer kernel
  c) Written from scratch based on OmniVision SDK

SECONDARY ISSUES:
-----------------
1. libcamera stack completely missing (required for modern Intel IPU)
2. No V4L2 userspace tools installed
3. IVSC (Intel Video Sensing Controller) may need MEI (Management Engine Interface) setup

INTEL LUNAR LAKE IPU ARCHITECTURE:
===================================
This platform uses Intel's latest camera architecture:

IPU7 (or IPU6EP for Lunar Lake)  IVSC (MEI client)  Camera Sensors
                                      
                                   Privacy LED
                                      
                                  libcamera  V4L2

The IVSC (Intel Video Sensing Controller) is a MEI-based intermediary that:
- Manages sensor power sequencing via INT3472 PMIC
- Controls privacy LED
- Handles firmware loading for sensors
- Provides CSI-2 interface to IPU

EVIDENCE FROM LOGS:
-------------------
1. journalctl shows: "ACPI: SSDT 0x000000006B666000 000135 (v02 INTEL IpuSsdt 00001000 INTL 20210930)"
    ACPI table for IPU is present in firmware

2. wireplumber reports: "SPA handle 'api.libcamera.enum.manager' could not be loaded"
    System expects libcamera but it's not installed

3. lsmod shows mei_me and mei_gsc_proxy loaded
    MEI infrastructure is present (needed for IVSC)

4. modinfo intel-ipu6 shows supported PCI IDs:
   - 8086:465d (IPU6 Tiger Lake)
   - 8086:7d19 (IPU6EP Meteor Lake)
   - 8086:a75d (IPU6 Alder Lake)
   But 8086:645d is NOT in the alias list!
    This is Lunar Lake IPU7, needs updated driver or different module

PLATFORM IDENTIFICATION:
========================
System: Samsung Galaxy Book5 Pro (940XHA)
CPU: Intel Core Ultra 7 258V (Lunar Lake)
IPU: Intel IPU7 (device ID 8086:645d) - NEW GENERATION
Camera: OmniVision OV02E1 (2MP, likely IR for Windows Hello)
Expected: There should also be a main RGB camera (likely 1080p or higher)


========================================
=== RECOMMENDED NEXT STEPS ===
========================================

PHASE 1: ENABLE IPU HARDWARE (CRITICAL)
========================================
Priority: HIGHEST - Nothing will work until IPU is enabled

Option A: BIOS/UEFI Investigation
----------------------------------
1. Reboot and enter BIOS/UEFI setup (usually F2, F10, or Del during boot)
2. Look for camera/IPU settings under:
   - Devices  Camera
   - Security  Camera
   - Advanced  System Devices  IPU/Camera
3. Enable camera/IPU if disabled
4. Save and reboot

Option B: ACPI DSDT Analysis (if BIOS doesn't help)
----------------------------------------------------
1. Extract and decompile ACPI tables:
   sudo acpidump > acpidump.bin
   sudo acpixtract -a acpidump.bin
   iasl -d *.dat

2. Search for IPU device in DSDT:
   grep -i "645d" dsdt.dsl
   grep -i "ipu" dsdt.dsl
   grep -i "cio2\|imgu" dsdt.dsl

3. Look for _STA (Status) method for IPU device
   - If _STA returns 0x0, device is disabled
   - May need ACPI override or kernel parameter

4. Check for _ON/_OFF power methods
   - IPU might need ACPI power management calls

Option C: PCI Device Force Enable (DANGEROUS - use with caution)
-----------------------------------------------------------------
Try to enable PCI device manually:
   sudo setpci -s 00:05.0 COMMAND=0x0006
   (enables Memory Space and Bus Master)

Then check if kernel detects it:
   sudo dmesg | tail -20
   lspci -vvnn -s 00:05.0

PHASE 2: INSTALL USERSPACE STACK
=================================
Priority: HIGH - Required for camera to work even after hardware is enabled

1. Install libcamera and tools:
   sudo apt update
   sudo apt install -y libcamera0.3 libcamera-tools libcamera-ipa

2. Install V4L2 utilities:
   sudo apt install -y v4l-utils

3. Install GStreamer plugins:
   sudo apt install -y \
     gstreamer1.0-libcamera \
     gstreamer1.0-plugins-bad \
     gstreamer1.0-tools

4. Install PipeWire camera support:
   sudo apt install -y pipewire-libcamera

PHASE 3: LOAD AND TEST KERNEL DRIVERS
======================================
Priority: MEDIUM - Do this after Phase 1 & 2

1. Try loading IPU6 driver (may work for IPU7):
   sudo modprobe intel-ipu6
   sudo modprobe intel-ipu6-isys
   dmesg | grep -i ipu

2. Load IVSC drivers:
   sudo modprobe mei
   sudo modprobe ivsc-csi
   sudo modprobe ivsc-ace
   dmesg | grep -i ivsc

3. Check for video devices:
   ls -la /dev/video*
   v4l2-ctl --list-devices

PHASE 4: SENSOR DRIVER DEVELOPMENT
===================================
Priority: MEDIUM-HIGH - Needed if sensor driver is missing

The OV02E1 sensor driver is not in kernel 6.14. Options:

Option A: Check if driver exists in newer kernel
-------------------------------------------------
1. Check Linux 6.15+ or linux-next tree:
   git clone git://git.kernel.org/pub/scm/linux/kernel/git/torvalds/linux.git
   cd linux
   find drivers/media/i2c -name "*ov02e1*"

2. If found, backport to current kernel

Option B: Use Intel IPU6 out-of-tree drivers
---------------------------------------------
Intel maintains out-of-tree drivers that may include ov02e1:
   git clone https://github.com/intel/ipu6-drivers.git
   git clone https://github.com/intel/ipu6-camera-bins.git
   git clone https://github.com/intel/ipu6-camera-hal.git

Build and install according to Intel's instructions

Option C: Reverse engineer from Windows driver
-----------------------------------------------
1. Extract Windows driver from Samsung support site
2. Analyze INF files for sensor configuration
3. Write Linux I2C driver based on register dumps

PHASE 5: IPU7 SPECIFIC CONSIDERATIONS
======================================
Priority: HIGH - This is Lunar Lake IPU7, not IPU6

The device ID 8086:645d is NOT in the intel-ipu6 driver's PCI ID table.
This suggests:

1. Lunar Lake uses IPU7, which may need:
   - Different driver (intel-ipu7 if it exists)
   - Updated intel-ipu6 driver with new PCI ID
   - Out-of-tree driver from Intel

2. Check Intel's IPU7 status:
   - Search linux-media mailing list for IPU7 patches
   - Check Intel's GitHub for ipu7-drivers repository
   - May need to wait for upstream kernel support

3. Temporary workaround - add PCI ID to existing driver:
   Create file: /etc/modprobe.d/ipu7-id.conf
   options intel-ipu6 dynids=8086:645d

   OR patch the driver source to add:
   { PCI_DEVICE(0x8086, 0x645d) }, /* Lunar Lake IPU7 */

PHASE 6: FIRMWARE AND DEBUGGING
================================

1. Verify firmware is loaded:
   sudo dmesg | grep -i firmware
   ls -la /sys/kernel/debug/dri/

2. Enable kernel debug for media subsystem:
   echo 8 | sudo tee /sys/module/videobuf2_core/parameters/debug
   echo 8 | sudo tee /sys/module/videodev/parameters/debug

3. Monitor kernel logs during driver load:
   sudo dmesg -w &
   sudo modprobe intel-ipu6

4. Check MEI (Management Engine Interface):
   lsmod | grep mei
   ls -la /dev/mei*

PHASE 7: TESTING PROCEDURE
===========================

Once hardware is enabled and drivers loaded:

1. Check for video devices:
   v4l2-ctl --list-devices
   ls -la /dev/video*
   ls -la /dev/media*

2. Test with libcamera:
   cam --list
   cam -c 1 --capture=10 --file=test.jpg

3. Test with GStreamer:
   gst-launch-1.0 libcamerasrc ! videoconvert ! autovideosink

4. Test with Cheese or other GUI app:
   sudo apt install cheese
   cheese

KNOWN ISSUES AND WORKAROUNDS:
==============================

1. Privacy LED control:
   - LED path: /sys/class/leds/OVTI02E1_00::privacy_led/brightness
   - May need manual control: echo 1 | sudo tee (path)/brightness

2. IVSC firmware loading issues:
   - If IVSC fails, check MEI device permissions
   - May need udev rules for /dev/mei*

3. IPU7 not supported in current kernel:
   - May need to wait for kernel 6.16+
   - Or use Intel out-of-tree drivers
   - Or patch existing intel-ipu6 driver

4. Multiple cameras (RGB + IR):
   - Windows Hello uses IR camera (OVTI02E1)
   - Main RGB camera may be different sensor
   - Need to identify second camera sensor

DEBUGGING COMMANDS FOR NEXT SESSION:
=====================================

# Check if IPU can be enabled
sudo setpci -s 00:05.0 COMMAND
sudo lspci -vvv -s 00:05.0

# Dump full ACPI DSDT
sudo acpidump -o acpidump.bin
acpixtract -a acpidump.bin
iasl -d dsdt.dat

# Search for camera devices in ACPI
grep -r "OVTI02E1" dsdt.dsl
grep -r "645d" dsdt.dsl

# Try loading drivers manually
sudo modprobe mei_me
sudo modprobe mei_gsc_proxy  
sudo modprobe intel-ipu6
dmesg | tail -50

# Check I2C camera sensor
sudo i2cdetect -l
sudo i2cdetect -y 3

# Test INT3472 GPIO/PMIC
ls -R /sys/bus/platform/devices/INT3472:00/

REFERENCE DOCUMENTATION:
========================

1. Intel IPU6 Documentation:
   https://github.com/intel/ipu6-drivers
   https://github.com/intel/ipu6-camera-bins
   
2. Linux Media Subsystem:
   https://www.kernel.org/doc/html/latest/userspace-api/media/
   
3. libcamera Documentation:
   https://libcamera.org/docs.html
   
4. V4L2 Documentation:
   https://www.kernel.org/doc/html/latest/userspace-api/media/v4l/

5. ACPI INT3472 Specification:
   https://www.kernel.org/doc/html/latest/firmware-guide/acpi/

IMMEDIATE ACTION ITEMS:
=======================

START HERE:
1.  Check BIOS/UEFI for camera enable/disable setting
2.  Install libcamera and v4l-utils packages  
3.  Try to enable IPU PCI device with setpci
4.  Dump and analyze ACPI DSDT for IPU initialization
5.  Search for Intel IPU7 driver support (linux-media mailing list)
6.  Try loading intel-ipu6 driver with PCI ID override

REALISTIC EXPECTATIONS:
=======================

DIFFICULTY LEVEL: HIGH
- This is bleeding-edge Lunar Lake (2025/2026 hardware)
- IPU7 support is likely not yet in mainline kernel
- May require out-of-tree drivers from Intel
- Could take days/weeks of development

SUCCESS PROBABILITY:
- 90% - Can get hardware enabled in BIOS/ACPI
- 70% - Can load IPU6/IPU7 driver
- 50% - Can get camera working with libcamera
- 30% - Can get full Windows Hello IR camera working

FALLBACK OPTIONS:
- Use external USB webcam
- Wait for kernel 6.16+ with IPU7 support
- Dual boot Windows for camera functionality

========================================
END OF RECONNAISSANCE REPORT
Generated: 2026-01-16 16:38:30 IST
========================================

================================================================================
=== FOLLOW-UP INVESTIGATION - $(date '+%Y-%m-%d %H:%M:%S') ===
================================================================================

=== SECTION 2: DRIVER LOADING ERRORS ===

--- IPU/Camera dmesg errors (last 100) ---
--- IPU/Camera dmesg errors (last 100) ---

--- Firmware loading status ---
Jan 16 17:24:04 Dumbo kernel: ACPI: SSDT 0x000000006B666000 000135 (v02 INTEL  IpuSsdt  00001000 INTL 20210930)
Jan 16 17:26:06 Dumbo sudo[17539]: psychopunk_sage : TTY=pts/15 ; PWD=/home/psychopunk_sage/dev/drivers/audio-config ; USER=root ; COMMAND=/usr/sbin/modprobe intel-ipu6 ivsc-csi ivsc-ace
Jan 16 17:26:06 Dumbo kernel: intel_ipu6: unknown parameter 'ivsc-csi' ignored
Jan 16 17:26:06 Dumbo kernel: intel_ipu6: unknown parameter 'ivsc-ace' ignored

--- Camera-related journalctl entries ---
Jan 16 17:24:09 Dumbo wireplumber[2271]: wp-device: SPA handle 'api.libcamera.enum.manager' could not be loaded; is it installed?
Jan 16 17:24:09 Dumbo wireplumber[2271]: s-monitors-libcamera: PipeWire's libcamera SPA plugin is missing or broken. Some camera types may not be supported.
Jan 16 17:24:13 Dumbo wireplumber[2806]: wp-device: SPA handle 'api.libcamera.enum.manager' could not be loaded; is it installed?
Jan 16 17:24:13 Dumbo wireplumber[2806]: s-monitors-libcamera: PipeWire's libcamera SPA plugin is missing or broken. Some camera types may not be supported.
Jan 16 17:24:57 Dumbo sudo[16579]: psychopunk_sage : TTY=pts/15 ; PWD=/home/psychopunk_sage/dev/drivers/audio-config ; USER=root ; COMMAND=/usr/bin/apt install libcamera0.3 libcamera-tools v4l-utils gstreamer1.0-libcamera
Jan 16 17:25:20 Dumbo sudo[16765]: psychopunk_sage : TTY=pts/15 ; PWD=/home/psychopunk_sage/dev/drivers/audio-config ; USER=root ; COMMAND=/usr/bin/apt install libcamera0 libcamera-tools v4l-utils gstreamer1.0-libcamera
Jan 16 17:25:31 Dumbo sudo[17035]: psychopunk_sage : TTY=pts/15 ; PWD=/home/psychopunk_sage/dev/drivers/audio-config ; USER=root ; COMMAND=/usr/bin/apt install libcamera0.4 libcamera-tools v4l-utils gstreamer1.0-libcamera

=== SECTION 3: DEEP ACPI/SENSOR ANALYSIS ===

--- MEI devices ---
crw------- 1 root root 238, 0 Jan 16 17:24 /dev/mei0

--- MEI client names ---
(No MEI clients found in /sys/bus/mei/devices/)

--- INT3472 ACPI device status ---
=== /sys/bus/acpi/devices/INT3472:00 ===
15
\_SB_.DSC0

=== /sys/bus/acpi/devices/INT3472:01 ===
0
\_SB_.DSC1

=== /sys/bus/acpi/devices/INT3472:02 ===
0
\_SB_.DSC2

=== /sys/bus/acpi/devices/INT3472:03 ===
0
\_SB_.DSC3

=== /sys/bus/acpi/devices/INT3472:04 ===
0
\_SB_.DSC4

=== /sys/bus/acpi/devices/INT3472:05 ===
0
\_SB_.DSC5

=== /sys/bus/acpi/devices/INT3472:06 ===
0
\_SB_.CLP0

=== /sys/bus/acpi/devices/INT3472:07 ===
0
\_SB_.CLP1

=== /sys/bus/acpi/devices/INT3472:08 ===
0
\_SB_.CLP2

=== /sys/bus/acpi/devices/INT3472:09 ===
0
\_SB_.CLP3

=== /sys/bus/acpi/devices/INT3472:0a ===
0
\_SB_.CLP4

=== /sys/bus/acpi/devices/INT3472:0b ===
0
\_SB_.CLP5

--- Camera sensors on I2C ---
OVTI02E1:00

--- I2C device driver bindings ---
Synopsys DesignWare I2C adapter -> NO_DRIVER
Synopsys DesignWare I2C adapter -> NO_DRIVER
i915 gmbus tc2 -> NO_DRIVER
i915 gmbus tc3 -> NO_DRIVER
i915 gmbus tc4 -> NO_DRIVER
AUX A/DDI A/PHY A -> NO_DRIVER
AUX USBC1/DDI TC1/PHY TC1 -> NO_DRIVER
AUX USBC2/DDI TC2/PHY TC2 -> NO_DRIVER
Synopsys DesignWare I2C adapter -> NO_DRIVER
Synopsys DesignWare I2C adapter -> NO_DRIVER
i915 gmbus dpa -> NO_DRIVER
i915 gmbus dpb -> NO_DRIVER
i915 gmbus dpc -> NO_DRIVER
i915 gmbus dpd -> NO_DRIVER
i915 gmbus dpe -> NO_DRIVER
i915 gmbus tc1 -> NO_DRIVER
GXTP7936:00 -> i2c_hid_acpi
MAX98390:00 -> NO_DRIVER
OVTI02E1:00 -> NO_DRIVER
ZNT0001:00 -> i2c_hid_acpi

=== SECTION 4: IPU6 DRIVER PCI ID SUPPORT ===

--- intel-ipu6 module info ---
filename:       /lib/modules/6.14.0-37-generic/kernel/drivers/media/pci/intel/ipu6/intel-ipu6.ko.zst
description:    Intel IPU6 PCI driver
license:        GPL
author:         Hongju Wang <hongju.wang@intel.com>
author:         Yunliang Ding <yunliang.ding@intel.com>
author:         Qingwu Zhang <qingwu.zhang@intel.com>
author:         Bingbu Cao <bingbu.cao@intel.com>
author:         Tianshu Qiu <tian.shu.qiu@intel.com>
author:         Sakari Ailus <sakari.ailus@linux.intel.com>
import_ns:      INTEL_IPU_BRIDGE
srcversion:     5FA2B7B32D2488A85A4C646
alias:          pci:v00008086d00007D19sv*sd*bc*sc*i*
alias:          pci:v00008086d0000A75Dsv*sd*bc*sc*i*
alias:          pci:v00008086d0000462Esv*sd*bc*sc*i*
alias:          pci:v00008086d0000465Dsv*sd*bc*sc*i*
alias:          pci:v00008086d00004E19sv*sd*bc*sc*i*
alias:          pci:v00008086d00009A19sv*sd*bc*sc*i*
depends:        ipu-bridge
intree:         Y
name:           intel_ipu6
retpoline:      Y
vermagic:       6.14.0-37-generic SMP preempt mod_unload modversions 
sig_id:         PKCS#7
signer:         Build time autogenerated kernel key
sig_key:        26:A2:5C:68:61:2A:0B:7B:29:2F:11:BE:9B:05:43:C8:35:57:EE:34
sig_hashalgo:   sha512
signature:      0E:67:8B:06:91:57:FE:FC:59:40:8F:03:51:8F:5D:B8:C6:3F:C8:A7:
		BD:FA:52:DB:BB:15:89:C8:DF:A5:19:8A:D6:2D:24:66:23:6A:2B:26:
		BC:70:5F:9D:DA:E5:66:B2:5D:24:8C:EF:DC:E2:5A:A1:1D:B4:4D:F1:
		1A:2B:E0:42:C8:89:D1:78:72:FB:7D:7D:BA:8C:E1:A8:9C:C3:26:B6:
		30:D9:C7:58:99:74:7C:4A:2F:42:F7:58:7D:EF:D0:28:FB:A3:4C:AE:
		DD:A8:85:2A:FC:AD:59:3E:03:3F:77:EB:06:71:BF:B3:AC:F2:AB:B7:
		F6:3D:2D:33:F1:4A:3A:74:E7:BA:AA:62:32:13:2F:FE:21:B0:09:D7:
		1E:00:45:E0:F4:67:65:EC:F7:A1:BE:FE:4D:CD:C4:09:FD:CD:1F:3A:
		DA:77:75:90:26:4C:26:BC:F4:9A:3F:0A:E7:57:29:14:B3:D0:E8:41:
		37:BF:50:14:98:EE:C0:27:86:38:59:DC:82:67:4B:D5:2E:6B:99:67:
		EF:92:62:37:E8:A5:B1:8B:C3:11:E1:C2:DF:9E:C8:21:17:4E:DC:75:
		33:C7:E9:A4:33:61:F1:13:6B:E7:D6:87:BC:69:F6:A8:CB:D1:2F:82:
		79:B9:14:77:2D:9B:FD:59:4F:1D:D1:E7:C9:B2:0E:70:FF:4B:ED:F7:
		C3:48:10:9A:4F:DA:01:30:C6:84:55:C8:3A:3E:7B:0B:3A:6D:69:DC:
		EB:88:87:55:8C:4B:20:F4:98:3C:B7:F9:3E:1E:58:66:E4:96:5F:2D:
		B8:22:8C:17:B5:75:3E:04:49:9C:F6:21:C4:25:6C:0F:D1:32:65:CD:
		D4:40:0E:D9:E3:3F:89:A7:15:6F:E0:B2:75:06:76:23:32:31:68:B7:
		42:64:D3:77:C3:97:E0:2D:CF:D5:43:CE:9B:69:7C:3B:C9:76:9F:9D:
		EB:94:A1:C5:3B:5D:DB:FA:73:1A:B3:73:0D:B2:A2:27:A3:FC:0B:54:
		2A:E5:09:32:7D:B3:D6:1B:38:4B:CD:67:B5:89:38:61:21:FF:18:FD:
		5C:68:15:7A:05:58:FC:5B:32:80:16:93:D0:BD:6B:16:32:9F:00:38:
		01:6B:81:50:16:0E:47:41:30:63:C5:86:8E:22:DB:56:B2:DE:08:C7:
		C4:14:0A:6B:09:48:A7:B6:7D:BA:71:49:81:F7:13:48:4E:62:03:E5:
		13:D2:A9:2D:B3:1B:78:5D:88:E4:C1:D4:77:51:97:FE:6D:5B:17:83:
		72:29:9C:3A:72:02:B1:A3:D3:30:5F:55:17:07:2F:37:EB:71:2C:86:
		FF:76:3A:50:1A:7A:B9:5B:3E:66:21:4A

--- Kernel PCI alias for 8086:645d ---
alias pci:v00008086d00009D32sv*sd*bc*sc*i* ipu3_cio2
alias pci:v00008086d00007D19sv*sd*bc*sc*i* intel_ipu6
alias pci:v00008086d0000A75Dsv*sd*bc*sc*i* intel_ipu6
alias pci:v00008086d0000462Esv*sd*bc*sc*i* intel_ipu6
alias pci:v00008086d0000465Dsv*sd*bc*sc*i* intel_ipu6
alias pci:v00008086d00004E19sv*sd*bc*sc*i* intel_ipu6
alias pci:v00008086d00009A19sv*sd*bc*sc*i* intel_ipu6
alias auxiliary:intel_ipu6.isys intel_ipu6_isys
alias pci:v00008086d00001919sv*sd*bc*sc*i* ipu3_imgu

=== SECTION 5: SENSOR DRIVER AVAILABILITY ===
--- Available OmniVision sensor modules ---
ov01a10.ko.zst
ov02a10.ko.zst
ov08d10.ko.zst
ov08x40.ko.zst
ov13858.ko.zst
ov13b10.ko.zst
ov2640.ko.zst
ov2659.ko.zst
ov2680.ko.zst
ov2685.ko.zst
ov2740.ko.zst
ov4689.ko.zst
ov5647.ko.zst
ov5648.ko.zst
ov5670.ko.zst
ov5675.ko.zst
ov5693.ko.zst
ov5695.ko.zst
ov64a40.ko.zst
ov6650.ko.zst
ov7251.ko.zst
ov7640.ko.zst
ov7670.ko.zst
ov772x.ko.zst
ov7740.ko.zst
ov8856.ko.zst
ov8858.ko.zst
ov8865.ko.zst
ov9640.ko.zst
ov9650.ko.zst
ov9734.ko.zst
overlay.ko.zst

--- Checking for ov02a10 (closest match) ---
description:    OmniVision OV02A10 sensor driver
alias:          of:N*T*Covti,ov02a10C*
alias:          of:N*T*Covti,ov02a10

=== SECTION 6: ROOT CAUSE ANALYSIS ===

--- IPU PCI Device State (CRITICAL) ---
	Control: I/O- Mem- BusMaster- SpecCycle- MemWINV- VGASnoop- ParErr- Stepping- SERR- FastB2B- DisINTx-
	Status: Cap+ 66MHz- UDF- FastB2B- ParErr- DEVSEL=fast >TAbort- <TAbort- <MAbort- >SERR- <PERR- INTx-
	Region 0: Memory at 3014000000 (64-bit, non-prefetchable) [disabled] [size=32M]
	Region 4: Memory at 3016336000 (64-bit, non-prefetchable) [disabled] [size=4K]

--- IPU6 supported PCI IDs (from modinfo) ---
alias:          pci:v00008086d00007D19sv*sd*bc*sc*i*
alias:          pci:v00008086d0000A75Dsv*sd*bc*sc*i*
alias:          pci:v00008086d0000462Esv*sd*bc*sc*i*
alias:          pci:v00008086d0000465Dsv*sd*bc*sc*i*
alias:          pci:v00008086d00004E19sv*sd*bc*sc*i*
alias:          pci:v00008086d00009A19sv*sd*bc*sc*i*

=== SECTION 7: USERSPACE DETECTION TESTS ===

--- libcamera detection ---
[0:14:51.832485991] [22900] [1;32m INFO [1;37mCamera [1;34mcamera_manager.cpp:327 [0mlibcamera v0.4.0
Available cameras:

--- v4l2-ctl device list ---
Cannot open device /dev/video0, exiting.

=== SECTION 8: KERNEL VERSION AND IPU7 STATUS ===

--- Current kernel ---
6.14.0-37-generic

--- IPU device details ---
00:05.0 Multimedia controller [0480]: Intel Corporation Device [8086:645d] (rev 04)
	DeviceName: Onboard - Sound
	Subsystem: Samsung Electronics Co Ltd Device [144d:ca08]
	Flags: fast devsel, IOMMU group 1
	Memory at 3014000000 (64-bit, non-prefetchable) [disabled] [size=32M]

--- Searching kernel for IPU7 references ---
(No IPU7 references found in kernel)

=== WEB RESEARCH FINDINGS ===

IPU7 driver exists in Linux 6.17+ for Lunar Lake platforms
OV02E1 sensor uses ov02e10 driver module
Checking if ov02e10 driver exists in current kernel...

(ov02e10 driver NOT found in kernel 6.14)

================================================================================
=== ROOT CAUSE ANALYSIS ===
================================================================================

HARDWARE DETECTED:
------------------
1. IPU Device: Intel 8086:645d (rev 04) - IPU7 for Lunar Lake platform
   - Status: Device exists but PCI regions DISABLED
   - Control: I/O- Mem- BusMaster- (all disabled)
   - Memory regions marked as [disabled]

2. Camera Sensor: OVTI02E1:00 detected on I2C bus
   - Status: Device enumerated via ACPI
   - Driver binding: NO_DRIVER (unbound)

3. INT3472 ACPI Devices: 12 detected (DSC0-DSC5, CLP0-CLP5)
   - INT3472:00 (\_SB_.DSC0): Status 15 (enabled + functional)
   - All others: Status 0 (disabled)

DRIVER STATUS:
--------------
1. intel-ipu6 module: LOADED but NOT BOUND to hardware
   - Supported PCI IDs:
     * 9A19 (Tiger Lake)
     * 4E19 (Alder Lake)
     * 465D (Raptor Lake)
     * 462E (Raptor Lake)
     * A75D (Meteor Lake)
     * 7D19 (Meteor Lake)
   - OUR DEVICE: 645d (Lunar Lake IPU7) - NOT IN LIST

2. intel_skl_int3472 drivers: LOADED (discrete, tps68470, common)

3. Sensor driver: ov02e10.ko.zst DOES NOT EXIST in kernel 6.14
   - Available: ov02a10, ov02c10, etc.
   - Required: ov02e10 for OVTI02E1 sensor

CRITICAL BLOCKERS:
------------------
1. PCI ID MISMATCH: intel-ipu6 driver does NOT support 8086:645d (IPU7)
   - Kernel 6.14 only has IPU6 driver
   - IPU7 driver first appeared in Linux 6.17

2. SENSOR DRIVER MISSING: ov02e10 driver not available in kernel 6.14
   - Even if IPU7 was working, sensor wouldn't bind

3. PCI DEVICE DISABLED: IPU7 device has memory regions disabled
   - No driver claimed the device
   - Cannot access hardware registers

LINUX KERNEL STATUS:
--------------------
- Current: 6.14.0-37-generic
- IPU7 driver: Available in 6.17+ (January 2026 mainline)
- OV02E10 driver: Requires kernel 6.17+ or out-of-tree ipu7-drivers

UPSTREAM PROJECTS:
------------------
- Intel IPU7 drivers: https://github.com/intel/ipu7-drivers
  * Supports Lunar Lake platform
  * Provides kernel drivers, firmware, HAL, Gstreamer plugins
  * Requires kernel 6.6+ with CONFIG_IPU_BRIDGE=y

- Ubuntu support: linux-modules-ipu7-oem-24.04b packages available
  * Likely requires Ubuntu 24.04 OEM kernel with backported IPU7 support


================================================================================
=== CONCRETE NEXT STEPS ===
================================================================================

THE CAMERA CANNOT BE ENABLED WITH CURRENT KERNEL 6.14.

Three paths forward:

--------------------------------------------------------------------------------
OPTION 1: UPGRADE TO KERNEL 6.17+ (RECOMMENDED - CLEANEST)
--------------------------------------------------------------------------------

This will provide native IPU7 support without out-of-tree drivers.

Steps:
1. Wait for Ubuntu 25.04 to ship kernel 6.17+ OR
2. Install mainline kernel 6.17+ from Ubuntu Mainline PPA:
   ```bash
   # Add mainline kernel PPA
   sudo add-apt-repository ppa:canonical-kernel-team/ppa
   sudo apt update
   
   # Check available kernels
   apt search linux-image | grep 6.17
   
   # Install kernel 6.17+
   sudo apt install linux-image-6.17.x-generic linux-headers-6.17.x-generic
   
   # Reboot into new kernel
   sudo reboot
   ```

3. After reboot, verify:
   ```bash
   uname -r  # Should show 6.17+
   lsmod | grep ipu7  # Should show intel_ipu7 module
   lspci -k -s 00:05.0  # Should show "Kernel driver in use: intel-ipu7"
   ```

Expected outcome: IPU7 device binds, ov02e10 sensor driver loads, /dev/video0 appears

--------------------------------------------------------------------------------
OPTION 2: USE INTEL OUT-OF-TREE IPU7 DRIVERS (ADVANCED)
--------------------------------------------------------------------------------

This requires building and maintaining out-of-tree kernel modules.

Prerequisites:
- Kernel 6.6+ with CONFIG_IPU_BRIDGE=y
- Build tools: build-essential, linux-headers

Steps:
1. Clone Intel IPU7 drivers:
   ```bash
   git clone https://github.com/intel/ipu7-drivers.git
   cd ipu7-drivers
   ```

2. Build and install (follow their README):
   ```bash
   # Read: https://github.com/intel/ipu7-drivers
   # Typical steps involve make && sudo make install
   ```

3. Load modules:
   ```bash
   sudo modprobe intel-ipu7
   sudo modprobe ov02e10
   ```

Risks:
- Out-of-tree modules must be rebuilt on every kernel update
- Potential kernel ABI incompatibilities
- No Ubuntu support/packaging

--------------------------------------------------------------------------------
OPTION 3: INSTALL UBUNTU OEM KERNEL (IF AVAILABLE)
--------------------------------------------------------------------------------

Ubuntu may provide OEM kernels with backported IPU7 support.

Steps:
1. Check for OEM kernel packages:
   ```bash
   apt search linux-oem | grep ipu7
   apt search linux-modules-ipu7
   ```

2. If linux-modules-ipu7-oem-24.04b or similar exists:
   ```bash
   sudo apt install linux-oem-24.04b linux-modules-ipu7-oem-24.04b
   sudo reboot
   ```

3. Verify after reboot:
   ```bash
   uname -r  # Should show OEM kernel version
   lsmod | grep ipu
   ```

Note: This requires Ubuntu 24.04, may not work on 25.04 yet.

--------------------------------------------------------------------------------
MONITORING PROGRESS
--------------------------------------------------------------------------------

Track these resources for IPU7 support updates:

1. Mainline kernel releases:
   - https://kernel.org/
   - Watch for 6.17.x stable releases

2. Ubuntu kernel updates:
   - https://wiki.ubuntu.com/Kernel/Support
   - Check for HWE kernel with IPU7 backport

3. Intel driver updates:
   - https://github.com/intel/ipu7-drivers/releases
   - Watch for new releases and compatibility notes

4. Linux media mailing list:
   - https://lore.kernel.org/linux-media/
   - Search for "IPU7" or "8086:645d"

--------------------------------------------------------------------------------
TEMPORARY WORKAROUND
--------------------------------------------------------------------------------

If camera is critical immediately and cannot wait:

1. External USB webcam (instant compatibility)
2. Phone as webcam via DroidCam/Iriun (network-based)
3. Dual-boot Windows for camera-heavy work (native support)


================================================================================
=== EXECUTIVE SUMMARY ===
================================================================================

VERDICT: Camera enablement BLOCKED by kernel version

EXACT ROOT CAUSE:
    Your Samsung Galaxy Book5 Pro has an Intel IPU7 (PCI ID 8086:645d) and
    OV02E1 camera sensor. The current kernel 6.14 only supports IPU6 devices.
    IPU7 driver support was added to mainline Linux in version 6.17.

HARDWARE STATUS:
    [] IPU7 device detected (8086:645d)
    [] OV02E1 sensor detected (OVTI02E1:00 on I2C)
    [] INT3472 ACPI devices present
    [] IPU7 not bound to driver (PCI ID not in intel-ipu6 supported list)
    [] Sensor not bound to driver (ov02e10 module doesn't exist in 6.14)
    [] No /dev/video* devices created

SOLVABLE TODAY?
    NO - requires kernel upgrade to 6.17+ OR out-of-tree driver compilation

RECOMMENDED ACTION:
    Wait for Ubuntu 25.04 to ship kernel 6.17+ (likely in next point release)
    OR upgrade to mainline kernel 6.17+ manually via PPA

TIMELINE:
    - Immediate: Use external USB webcam
    - Short-term (weeks): Ubuntu kernel update may include IPU7
    - Medium-term (1-2 months): Kernel 6.17.x will be stable
    - Long-term: HWE kernel stack will include IPU7 natively

WHAT CHANGED FROM INITIAL INVESTIGATION:
    Nothing hardware-related changed. The IPU7 device was always present but
    disabled due to lack of driver support. Previous steps (BIOS check, 
    userspace packages) were necessary but insufficient - the kernel simply
    doesn't have the IPU7 driver yet.

CRITICAL LEARNING:
    Intel Core Ultra (Meteor Lake/Lunar Lake) laptops need IPU7 driver support
    which only became available in Linux 6.17. Your kernel 6.14 is too old.


=== PLATFORM IDENTIFICATION ===
Vendor ID:                               GenuineIntel
Model name:                              Intel(R) Core(TM) Ultra 7 258V
CPU family:                              6
Model:                                   189
CPU: Intel Core Ultra 7 258V (Lunar Lake, Model 189)

END OF INVESTIGATION - 2026-01-16 21:18:49
